<?xml version="1.0" encoding="UTF-8"?>
<coverage generated="1747772571543" clover="3.2.0">
  <project timestamp="1747772571544" name="All files">
    <metrics statements="35" coveredstatements="35" conditionals="12" coveredconditionals="10" methods="6" coveredmethods="6" elements="53" coveredelements="51" complexity="0" loc="35" ncloc="35" packages="1" files="1" classes="1"/>
    <file name="ghostScoreGenerator.ts" path="/Users/jamesheffernan/Documents/GitHub/mgt-scorekeeper/src/calcEngine/ghostScoreGenerator.ts">
      <metrics statements="35" coveredstatements="35" conditionals="12" coveredconditionals="10" methods="6" coveredmethods="6"/>
      <line num="5" count="1007" type="stmt"/>
      <line num="6" count="1007" type="stmt"/>
      <line num="7" count="36252" type="stmt"/>
      <line num="8" count="36252" type="stmt"/>
      <line num="14" count="18126" type="stmt"/>
      <line num="15" count="18126" type="stmt"/>
      <line num="16" count="18126" type="stmt"/>
      <line num="17" count="18126" type="stmt"/>
      <line num="18" count="18126" type="stmt"/>
      <line num="22" count="1" type="stmt"/>
      <line num="30" count="1007" type="stmt"/>
      <line num="31" count="1007" type="stmt"/>
      <line num="32" count="1007" type="stmt"/>
      <line num="33" count="1007" type="stmt"/>
      <line num="35" count="1007" type="cond" truecount="3" falsecount="1"/>
      <line num="36" count="1007" type="stmt"/>
      <line num="38" count="18126" type="stmt"/>
      <line num="39" count="18126" type="stmt"/>
      <line num="40" count="1007" type="stmt"/>
      <line num="41" count="18126" type="stmt"/>
      <line num="42" count="18126" type="stmt"/>
      <line num="43" count="18126" type="stmt"/>
      <line num="44" count="18126" type="stmt"/>
      <line num="46" count="18126" type="stmt"/>
      <line num="48" count="18126" type="cond" truecount="1" falsecount="0"/>
      <line num="49" count="18126" type="cond" truecount="3" falsecount="0"/>
      <line num="52" count="18126" type="stmt"/>
      <line num="54" count="18126" type="stmt"/>
      <line num="55" count="18126" type="cond" truecount="2" falsecount="0"/>
      <line num="56" count="12084" type="cond" truecount="1" falsecount="0"/>
      <line num="58" count="18126" type="stmt"/>
      <line num="59" count="18126" type="stmt"/>
      <line num="60" count="18126" type="stmt"/>
      <line num="61" count="18126" type="stmt"/>
      <line num="63" count="1007" type="stmt"/>
    </file>
  </project>
</coverage>
