{"/Users/jamesheffernan/Documents/GitHub/mgt-scorekeeper/src/calcEngine/baseCalculator.ts": {"path":"/Users/jamesheffernan/Documents/GitHub/mgt-scorekeeper/src/calcEngine/baseCalculator.ts","statementMap":{"0":{"start":{"line":24,"column":0},"end":{"line":24,"column":16}},"1":{"start":{"line":41,"column":0},"end":{"line":41,"column":16}},"2":{"start":{"line":71,"column":0},"end":{"line":71,"column":16}},"3":{"start":{"line":109,"column":0},"end":{"line":109,"column":16}},"4":{"start":{"line":25,"column":2},"end":{"line":32,"column":4}},"5":{"start":{"line":42,"column":2},"end":{"line":42,"column":94}},"6":{"start":{"line":45,"column":2},"end":{"line":48,"column":3}},"7":{"start":{"line":46,"column":4},"end":{"line":46,"column":49}},"8":{"start":{"line":47,"column":4},"end":{"line":47,"column":13}},"9":{"start":{"line":51,"column":2},"end":{"line":56,"column":3}},"10":{"start":{"line":53,"column":17},"end":{"line":53,"column":59}},"11":{"start":{"line":54,"column":4},"end":{"line":54,"column":55}},"12":{"start":{"line":55,"column":4},"end":{"line":55,"column":16}},"13":{"start":{"line":59,"column":15},"end":{"line":59,"column":39}},"14":{"start":{"line":60,"column":2},"end":{"line":60,"column":84}},"15":{"start":{"line":61,"column":2},"end":{"line":61,"column":14}},"16":{"start":{"line":76,"column":2},"end":{"line":78,"column":3}},"17":{"start":{"line":77,"column":4},"end":{"line":77,"column":17}},"18":{"start":{"line":81,"column":2},"end":{"line":87,"column":3}},"19":{"start":{"line":86,"column":4},"end":{"line":86,"column":17}},"20":{"start":{"line":90,"column":21},"end":{"line":90,"column":38}},"21":{"start":{"line":91,"column":18},"end":{"line":91,"column":62}},"22":{"start":{"line":93,"column":2},"end":{"line":98,"column":4}},"23":{"start":{"line":114,"column":19},"end":{"line":114,"column":40}},"24":{"start":{"line":117,"column":17},"end":{"line":117,"column":18}},"25":{"start":{"line":118,"column":23},"end":{"line":118,"column":40}},"26":{"start":{"line":120,"column":2},"end":{"line":126,"column":3}},"27":{"start":{"line":122,"column":4},"end":{"line":122,"column":58}},"28":{"start":{"line":125,"column":4},"end":{"line":125,"column":28}},"29":{"start":{"line":129,"column":18},"end":{"line":129,"column":56}},"30":{"start":{"line":131,"column":2},"end":{"line":138,"column":4}}},"fnMap":{"0":{"name":"getInitialDoublingState","decl":{"start":{"line":24,"column":16},"end":{"line":24,"column":39}},"loc":{"start":{"line":24,"column":39},"end":{"line":33,"column":1}}},"1":{"name":"calculateBase","decl":{"start":{"line":41,"column":16},"end":{"line":41,"column":29}},"loc":{"start":{"line":41,"column":65},"end":{"line":62,"column":1}}},"2":{"name":"callDouble","decl":{"start":{"line":71,"column":16},"end":{"line":71,"column":26}},"loc":{"start":{"line":73,"column":29},"end":{"line":99,"column":1}}},"3":{"name":"advanceToNextHole","decl":{"start":{"line":109,"column":16},"end":{"line":109,"column":33}},"loc":{"start":{"line":112,"column":29},"end":{"line":139,"column":1}}}},"branchMap":{"0":{"loc":{"start":{"line":45,"column":2},"end":{"line":48,"column":3}},"type":"if","locations":[{"start":{"line":45,"column":2},"end":{"line":48,"column":3}}]},"1":{"loc":{"start":{"line":51,"column":2},"end":{"line":56,"column":3}},"type":"if","locations":[{"start":{"line":51,"column":2},"end":{"line":56,"column":3}}]},"2":{"loc":{"start":{"line":53,"column":17},"end":{"line":53,"column":59}},"type":"cond-expr","locations":[{"start":{"line":53,"column":31},"end":{"line":53,"column":55}},{"start":{"line":53,"column":58},"end":{"line":53,"column":59}}]},"3":{"loc":{"start":{"line":76,"column":2},"end":{"line":78,"column":3}},"type":"if","locations":[{"start":{"line":76,"column":2},"end":{"line":78,"column":3}}]},"4":{"loc":{"start":{"line":81,"column":2},"end":{"line":87,"column":3}},"type":"if","locations":[{"start":{"line":81,"column":2},"end":{"line":87,"column":3}}]},"5":{"loc":{"start":{"line":82,"column":4},"end":{"line":84,"column":32}},"type":"binary-expr","locations":[{"start":{"line":82,"column":5},"end":{"line":82,"column":26}},{"start":{"line":82,"column":30},"end":{"line":82,"column":57}},{"start":{"line":83,"column":5},"end":{"line":83,"column":27}},{"start":{"line":83,"column":31},"end":{"line":83,"column":59}},{"start":{"line":84,"column":4},"end":{"line":84,"column":32}}]},"6":{"loc":{"start":{"line":112,"column":2},"end":{"line":112,"column":29}},"type":"default-arg","locations":[{"start":{"line":112,"column":28},"end":{"line":112,"column":29}}]},"7":{"loc":{"start":{"line":120,"column":2},"end":{"line":126,"column":3}},"type":"if","locations":[{"start":{"line":120,"column":2},"end":{"line":126,"column":3}},{"start":{"line":123,"column":9},"end":{"line":126,"column":3}}]}},"s":{"0":4,"1":4,"2":4,"3":4,"4":1,"5":31,"6":31,"7":1,"8":1,"9":30,"10":7,"11":7,"12":7,"13":23,"14":23,"15":23,"16":5,"17":1,"18":4,"19":1,"20":3,"21":3,"22":3,"23":11,"24":11,"25":11,"26":11,"27":3,"28":8,"29":11,"30":11},"f":{"0":1,"1":31,"2":5,"3":11},"b":{"0":[1],"1":[7],"2":[3,4],"3":[1],"4":[1],"5":[4,3,3,1,3],"6":[10],"7":[3,8]}}
,"/Users/jamesheffernan/Documents/GitHub/mgt-scorekeeper/src/calcEngine/bigGameCalculator.ts": {"path":"/Users/jamesheffernan/Documents/GitHub/mgt-scorekeeper/src/calcEngine/bigGameCalculator.ts","statementMap":{"0":{"start":{"line":26,"column":0},"end":{"line":26,"column":16}},"1":{"start":{"line":57,"column":0},"end":{"line":57,"column":16}},"2":{"start":{"line":68,"column":0},"end":{"line":68,"column":16}},"3":{"start":{"line":31,"column":2},"end":{"line":33,"column":3}},"4":{"start":{"line":32,"column":4},"end":{"line":32,"column":74}},"5":{"start":{"line":36,"column":23},"end":{"line":36,"column":59}},"6":{"start":{"line":36,"column":53},"end":{"line":36,"column":58}},"7":{"start":{"line":39,"column":36},"end":{"line":39,"column":70}},"8":{"start":{"line":42,"column":19},"end":{"line":42,"column":42}},"9":{"start":{"line":44,"column":2},"end":{"line":48,"column":4}},"10":{"start":{"line":58,"column":2},"end":{"line":58,"column":62}},"11":{"start":{"line":58,"column":37},"end":{"line":58,"column":57}},"12":{"start":{"line":69,"column":2},"end":{"line":71,"column":3}},"13":{"start":{"line":70,"column":4},"end":{"line":70,"column":80}},"14":{"start":{"line":74,"column":28},"end":{"line":74,"column":79}},"15":{"start":{"line":74,"column":61},"end":{"line":74,"column":77}},"16":{"start":{"line":77,"column":2},"end":{"line":77,"column":54}},"17":{"start":{"line":77,"column":35},"end":{"line":77,"column":52}},"18":{"start":{"line":80,"column":2},"end":{"line":80,"column":66}}},"fnMap":{"0":{"name":"calculateBigGameRow","decl":{"start":{"line":26,"column":16},"end":{"line":26,"column":35}},"loc":{"start":{"line":28,"column":21},"end":{"line":49,"column":1}}},"1":{"name":"(anonymous_1)","decl":{"start":{"line":36,"column":43},"end":{"line":36,"column":44}},"loc":{"start":{"line":36,"column":53},"end":{"line":36,"column":58}}},"2":{"name":"calculateBigGameTotal","decl":{"start":{"line":57,"column":16},"end":{"line":57,"column":37}},"loc":{"start":{"line":57,"column":56},"end":{"line":59,"column":1}}},"3":{"name":"(anonymous_3)","decl":{"start":{"line":58,"column":21},"end":{"line":58,"column":22}},"loc":{"start":{"line":58,"column":37},"end":{"line":58,"column":57}}},"4":{"name":"findBestScoreIndexes","decl":{"start":{"line":68,"column":16},"end":{"line":68,"column":36}},"loc":{"start":{"line":68,"column":56},"end":{"line":81,"column":1}}},"5":{"name":"(anonymous_5)","decl":{"start":{"line":74,"column":42},"end":{"line":74,"column":43}},"loc":{"start":{"line":74,"column":61},"end":{"line":74,"column":77}}},"6":{"name":"(anonymous_6)","decl":{"start":{"line":77,"column":25},"end":{"line":77,"column":26}},"loc":{"start":{"line":77,"column":35},"end":{"line":77,"column":52}}}},"branchMap":{"0":{"loc":{"start":{"line":31,"column":2},"end":{"line":33,"column":3}},"type":"if","locations":[{"start":{"line":31,"column":2},"end":{"line":33,"column":3}}]},"1":{"loc":{"start":{"line":69,"column":2},"end":{"line":71,"column":3}},"type":"if","locations":[{"start":{"line":69,"column":2},"end":{"line":71,"column":3}}]}},"s":{"0":3,"1":3,"2":3,"3":0,"4":0,"5":0,"6":0,"7":0,"8":0,"9":0,"10":0,"11":0,"12":0,"13":0,"14":0,"15":0,"16":0,"17":0,"18":0},"f":{"0":0,"1":0,"2":0,"3":0,"4":0,"5":0,"6":0},"b":{"0":[0],"1":[0]}}
,"/Users/jamesheffernan/Documents/GitHub/mgt-scorekeeper/src/calcEngine/junkCalculator.ts": {"path":"/Users/jamesheffernan/Documents/GitHub/mgt-scorekeeper/src/calcEngine/junkCalculator.ts","statementMap":{"0":{"start":{"line":43,"column":0},"end":{"line":43,"column":16}},"1":{"start":{"line":75,"column":0},"end":{"line":75,"column":16}},"2":{"start":{"line":107,"column":0},"end":{"line":107,"column":16}},"3":{"start":{"line":139,"column":0},"end":{"line":139,"column":16}},"4":{"start":{"line":168,"column":0},"end":{"line":168,"column":16}},"5":{"start":{"line":198,"column":0},"end":{"line":198,"column":16}},"6":{"start":{"line":51,"column":2},"end":{"line":59,"column":3}},"7":{"start":{"line":52,"column":4},"end":{"line":58,"column":6}},"8":{"start":{"line":60,"column":2},"end":{"line":60,"column":14}},"9":{"start":{"line":84,"column":2},"end":{"line":92,"column":3}},"10":{"start":{"line":85,"column":4},"end":{"line":91,"column":6}},"11":{"start":{"line":93,"column":2},"end":{"line":93,"column":14}},"12":{"start":{"line":116,"column":2},"end":{"line":124,"column":3}},"13":{"start":{"line":117,"column":4},"end":{"line":123,"column":6}},"14":{"start":{"line":125,"column":2},"end":{"line":125,"column":14}},"15":{"start":{"line":147,"column":2},"end":{"line":155,"column":3}},"16":{"start":{"line":148,"column":4},"end":{"line":154,"column":6}},"17":{"start":{"line":156,"column":2},"end":{"line":156,"column":14}},"18":{"start":{"line":174,"column":2},"end":{"line":182,"column":3}},"19":{"start":{"line":175,"column":4},"end":{"line":181,"column":6}},"20":{"start":{"line":183,"column":2},"end":{"line":183,"column":14}},"21":{"start":{"line":207,"column":2},"end":{"line":207,"column":119}},"22":{"start":{"line":208,"column":2},"end":{"line":208,"column":132}},"23":{"start":{"line":210,"column":31},"end":{"line":210,"column":33}},"24":{"start":{"line":213,"column":22},"end":{"line":213,"column":81}},"25":{"start":{"line":214,"column":2},"end":{"line":217,"column":3}},"26":{"start":{"line":215,"column":4},"end":{"line":215,"column":76}},"27":{"start":{"line":216,"column":4},"end":{"line":216,"column":30}},"28":{"start":{"line":220,"column":2},"end":{"line":226,"column":3}},"29":{"start":{"line":221,"column":24},"end":{"line":221,"column":90}},"30":{"start":{"line":222,"column":4},"end":{"line":225,"column":5}},"31":{"start":{"line":223,"column":6},"end":{"line":223,"column":78}},"32":{"start":{"line":224,"column":6},"end":{"line":224,"column":32}},"33":{"start":{"line":229,"column":2},"end":{"line":240,"column":3}},"34":{"start":{"line":230,"column":4},"end":{"line":230,"column":87}},"35":{"start":{"line":231,"column":25},"end":{"line":231,"column":81}},"36":{"start":{"line":232,"column":4},"end":{"line":235,"column":5}},"37":{"start":{"line":233,"column":6},"end":{"line":233,"column":80}},"38":{"start":{"line":234,"column":6},"end":{"line":234,"column":33}},"39":{"start":{"line":236,"column":9},"end":{"line":240,"column":3}},"40":{"start":{"line":237,"column":4},"end":{"line":237,"column":79}},"41":{"start":{"line":239,"column":4},"end":{"line":239,"column":80}},"42":{"start":{"line":243,"column":2},"end":{"line":249,"column":3}},"43":{"start":{"line":244,"column":25},"end":{"line":244,"column":86}},"44":{"start":{"line":245,"column":4},"end":{"line":248,"column":5}},"45":{"start":{"line":246,"column":6},"end":{"line":246,"column":80}},"46":{"start":{"line":247,"column":6},"end":{"line":247,"column":33}},"47":{"start":{"line":252,"column":2},"end":{"line":258,"column":3}},"48":{"start":{"line":253,"column":20},"end":{"line":253,"column":61}},"49":{"start":{"line":254,"column":4},"end":{"line":257,"column":5}},"50":{"start":{"line":255,"column":6},"end":{"line":255,"column":78}},"51":{"start":{"line":256,"column":6},"end":{"line":256,"column":28}},"52":{"start":{"line":260,"column":2},"end":{"line":260,"column":17}}},"fnMap":{"0":{"name":"detectBirdie","decl":{"start":{"line":43,"column":16},"end":{"line":43,"column":28}},"loc":{"start":{"line":49,"column":14},"end":{"line":61,"column":1}}},"1":{"name":"detectSandie","decl":{"start":{"line":75,"column":16},"end":{"line":75,"column":28}},"loc":{"start":{"line":82,"column":14},"end":{"line":94,"column":1}}},"2":{"name":"detectGreenie","decl":{"start":{"line":107,"column":16},"end":{"line":107,"column":29}},"loc":{"start":{"line":113,"column":14},"end":{"line":126,"column":1}}},"3":{"name":"detectPenalty","decl":{"start":{"line":139,"column":16},"end":{"line":139,"column":29}},"loc":{"start":{"line":145,"column":14},"end":{"line":157,"column":1}}},"4":{"name":"detectLD10","decl":{"start":{"line":168,"column":16},"end":{"line":168,"column":26}},"loc":{"start":{"line":172,"column":18},"end":{"line":184,"column":1}}},"5":{"name":"evaluateJunkEvents","decl":{"start":{"line":198,"column":16},"end":{"line":198,"column":34}},"loc":{"start":{"line":205,"column":14},"end":{"line":261,"column":1}}}},"branchMap":{"0":{"loc":{"start":{"line":51,"column":2},"end":{"line":59,"column":3}},"type":"if","locations":[{"start":{"line":51,"column":2},"end":{"line":59,"column":3}}]},"1":{"loc":{"start":{"line":84,"column":2},"end":{"line":92,"column":3}},"type":"if","locations":[{"start":{"line":84,"column":2},"end":{"line":92,"column":3}}]},"2":{"loc":{"start":{"line":84,"column":6},"end":{"line":84,"column":46}},"type":"binary-expr","locations":[{"start":{"line":84,"column":6},"end":{"line":84,"column":25}},{"start":{"line":84,"column":29},"end":{"line":84,"column":46}}]},"3":{"loc":{"start":{"line":116,"column":2},"end":{"line":124,"column":3}},"type":"if","locations":[{"start":{"line":116,"column":2},"end":{"line":124,"column":3}}]},"4":{"loc":{"start":{"line":116,"column":6},"end":{"line":116,"column":38}},"type":"binary-expr","locations":[{"start":{"line":116,"column":6},"end":{"line":116,"column":12}},{"start":{"line":116,"column":16},"end":{"line":116,"column":38}}]},"5":{"loc":{"start":{"line":147,"column":2},"end":{"line":155,"column":3}},"type":"if","locations":[{"start":{"line":147,"column":2},"end":{"line":155,"column":3}}]},"6":{"loc":{"start":{"line":147,"column":6},"end":{"line":147,"column":61}},"type":"binary-expr","locations":[{"start":{"line":147,"column":6},"end":{"line":147,"column":12}},{"start":{"line":147,"column":16},"end":{"line":147,"column":38}},{"start":{"line":147,"column":42},"end":{"line":147,"column":61}}]},"7":{"loc":{"start":{"line":174,"column":2},"end":{"line":182,"column":3}},"type":"if","locations":[{"start":{"line":174,"column":2},"end":{"line":182,"column":3}}]},"8":{"loc":{"start":{"line":174,"column":6},"end":{"line":174,"column":38}},"type":"binary-expr","locations":[{"start":{"line":174,"column":6},"end":{"line":174,"column":17}},{"start":{"line":174,"column":21},"end":{"line":174,"column":38}}]},"9":{"loc":{"start":{"line":214,"column":2},"end":{"line":217,"column":3}},"type":"if","locations":[{"start":{"line":214,"column":2},"end":{"line":217,"column":3}}]},"10":{"loc":{"start":{"line":220,"column":2},"end":{"line":226,"column":3}},"type":"if","locations":[{"start":{"line":220,"column":2},"end":{"line":226,"column":3}}]},"11":{"loc":{"start":{"line":222,"column":4},"end":{"line":225,"column":5}},"type":"if","locations":[{"start":{"line":222,"column":4},"end":{"line":225,"column":5}}]},"12":{"loc":{"start":{"line":229,"column":2},"end":{"line":240,"column":3}},"type":"if","locations":[{"start":{"line":229,"column":2},"end":{"line":240,"column":3}},{"start":{"line":236,"column":9},"end":{"line":240,"column":3}}]},"13":{"loc":{"start":{"line":229,"column":6},"end":{"line":229,"column":41}},"type":"binary-expr","locations":[{"start":{"line":229,"column":6},"end":{"line":229,"column":15}},{"start":{"line":229,"column":19},"end":{"line":229,"column":41}}]},"14":{"loc":{"start":{"line":232,"column":4},"end":{"line":235,"column":5}},"type":"if","locations":[{"start":{"line":232,"column":4},"end":{"line":235,"column":5}}]},"15":{"loc":{"start":{"line":236,"column":9},"end":{"line":240,"column":3}},"type":"if","locations":[{"start":{"line":236,"column":9},"end":{"line":240,"column":3}},{"start":{"line":238,"column":9},"end":{"line":240,"column":3}}]},"16":{"loc":{"start":{"line":243,"column":2},"end":{"line":249,"column":3}},"type":"if","locations":[{"start":{"line":243,"column":2},"end":{"line":249,"column":3}}]},"17":{"loc":{"start":{"line":245,"column":4},"end":{"line":248,"column":5}},"type":"if","locations":[{"start":{"line":245,"column":4},"end":{"line":248,"column":5}}]},"18":{"loc":{"start":{"line":252,"column":2},"end":{"line":258,"column":3}},"type":"if","locations":[{"start":{"line":252,"column":2},"end":{"line":258,"column":3}}]},"19":{"loc":{"start":{"line":254,"column":4},"end":{"line":257,"column":5}},"type":"if","locations":[{"start":{"line":254,"column":4},"end":{"line":257,"column":5}}]}},"s":{"0":3,"1":3,"2":3,"3":3,"4":3,"5":3,"6":0,"7":0,"8":0,"9":0,"10":0,"11":0,"12":0,"13":0,"14":0,"15":0,"16":0,"17":0,"18":0,"19":0,"20":0,"21":0,"22":0,"23":0,"24":0,"25":0,"26":0,"27":0,"28":0,"29":0,"30":0,"31":0,"32":0,"33":0,"34":0,"35":0,"36":0,"37":0,"38":0,"39":0,"40":0,"41":0,"42":0,"43":0,"44":0,"45":0,"46":0,"47":0,"48":0,"49":0,"50":0,"51":0,"52":0},"f":{"0":0,"1":0,"2":0,"3":0,"4":0,"5":0},"b":{"0":[0],"1":[0],"2":[0,0],"3":[0],"4":[0,0],"5":[0],"6":[0,0,0],"7":[0],"8":[0,0],"9":[0],"10":[0],"11":[0],"12":[0,0],"13":[0,0],"14":[0],"15":[0,0],"16":[0],"17":[0],"18":[0],"19":[0]}}
,"/Users/jamesheffernan/Documents/GitHub/mgt-scorekeeper/src/calcEngine/payoutCalculator.ts": {"path":"/Users/jamesheffernan/Documents/GitHub/mgt-scorekeeper/src/calcEngine/payoutCalculator.ts","statementMap":{"0":{"start":{"line":17,"column":0},"end":{"line":17,"column":16}},"1":{"start":{"line":51,"column":0},"end":{"line":51,"column":16}},"2":{"start":{"line":81,"column":0},"end":{"line":81,"column":16}},"3":{"start":{"line":22,"column":2},"end":{"line":22,"column":104}},"4":{"start":{"line":24,"column":2},"end":{"line":40,"column":3}},"5":{"start":{"line":26,"column":21},"end":{"line":26,"column":33}},"6":{"start":{"line":27,"column":4},"end":{"line":27,"column":78}},"7":{"start":{"line":28,"column":4},"end":{"line":31,"column":6}},"8":{"start":{"line":34,"column":24},"end":{"line":34,"column":43}},"9":{"start":{"line":35,"column":4},"end":{"line":35,"column":120}},"10":{"start":{"line":36,"column":4},"end":{"line":39,"column":6}},"11":{"start":{"line":57,"column":2},"end":{"line":59,"column":3}},"12":{"start":{"line":58,"column":4},"end":{"line":58,"column":36}},"13":{"start":{"line":58,"column":33},"end":{"line":58,"column":34}},"14":{"start":{"line":61,"column":28},"end":{"line":61,"column":77}},"15":{"start":{"line":61,"column":52},"end":{"line":61,"column":64}},"16":{"start":{"line":62,"column":27},"end":{"line":62,"column":95}},"17":{"start":{"line":62,"column":51},"end":{"line":62,"column":82}},"18":{"start":{"line":64,"column":2},"end":{"line":71,"column":5}},"19":{"start":{"line":65,"column":4},"end":{"line":70,"column":5}},"20":{"start":{"line":66,"column":6},"end":{"line":66,"column":44}},"21":{"start":{"line":69,"column":6},"end":{"line":69,"column":75}},"22":{"start":{"line":85,"column":2},"end":{"line":87,"column":3}},"23":{"start":{"line":86,"column":4},"end":{"line":86,"column":74}},"24":{"start":{"line":89,"column":2},"end":{"line":89,"column":65}},"25":{"start":{"line":90,"column":2},"end":{"line":90,"column":89}},"26":{"start":{"line":91,"column":2},"end":{"line":91,"column":85}},"27":{"start":{"line":93,"column":20},"end":{"line":97,"column":4}},"28":{"start":{"line":94,"column":21},"end":{"line":94,"column":45}},"29":{"start":{"line":95,"column":4},"end":{"line":95,"column":102}},"30":{"start":{"line":96,"column":4},"end":{"line":96,"column":20}},"31":{"start":{"line":99,"column":2},"end":{"line":99,"column":81}},"32":{"start":{"line":100,"column":2},"end":{"line":100,"column":19}}},"fnMap":{"0":{"name":"calculateHolePayout","decl":{"start":{"line":17,"column":16},"end":{"line":17,"column":35}},"loc":{"start":{"line":20,"column":19},"end":{"line":41,"column":1}}},"1":{"name":"calculatePlayerPayouts","decl":{"start":{"line":51,"column":16},"end":{"line":51,"column":38}},"loc":{"start":{"line":54,"column":33},"end":{"line":72,"column":1}}},"2":{"name":"(anonymous_2)","decl":{"start":{"line":58,"column":27},"end":{"line":58,"column":30}},"loc":{"start":{"line":58,"column":33},"end":{"line":58,"column":34}}},"3":{"name":"(anonymous_3)","decl":{"start":{"line":61,"column":47},"end":{"line":61,"column":48}},"loc":{"start":{"line":61,"column":52},"end":{"line":61,"column":64}}},"4":{"name":"(anonymous_4)","decl":{"start":{"line":62,"column":46},"end":{"line":62,"column":47}},"loc":{"start":{"line":62,"column":51},"end":{"line":62,"column":82}}},"5":{"name":"(anonymous_5)","decl":{"start":{"line":64,"column":25},"end":{"line":64,"column":35}},"loc":{"start":{"line":64,"column":38},"end":{"line":71,"column":3}}},"6":{"name":"updateRunningTotals","decl":{"start":{"line":81,"column":16},"end":{"line":81,"column":35}},"loc":{"start":{"line":83,"column":23},"end":{"line":101,"column":1}}},"7":{"name":"(anonymous_7)","decl":{"start":{"line":93,"column":38},"end":{"line":93,"column":39}},"loc":{"start":{"line":93,"column":53},"end":{"line":97,"column":3}}}},"branchMap":{"0":{"loc":{"start":{"line":20,"column":2},"end":{"line":20,"column":19}},"type":"default-arg","locations":[{"start":{"line":20,"column":18},"end":{"line":20,"column":19}}]},"1":{"loc":{"start":{"line":24,"column":2},"end":{"line":40,"column":3}},"type":"if","locations":[{"start":{"line":24,"column":2},"end":{"line":40,"column":3}},{"start":{"line":32,"column":9},"end":{"line":40,"column":3}}]},"2":{"loc":{"start":{"line":57,"column":2},"end":{"line":59,"column":3}},"type":"if","locations":[{"start":{"line":57,"column":2},"end":{"line":59,"column":3}}]},"3":{"loc":{"start":{"line":61,"column":28},"end":{"line":61,"column":77}},"type":"binary-expr","locations":[{"start":{"line":61,"column":28},"end":{"line":61,"column":72}},{"start":{"line":61,"column":76},"end":{"line":61,"column":77}}]},"4":{"loc":{"start":{"line":62,"column":27},"end":{"line":62,"column":95}},"type":"binary-expr","locations":[{"start":{"line":62,"column":27},"end":{"line":62,"column":90}},{"start":{"line":62,"column":94},"end":{"line":62,"column":95}}]},"5":{"loc":{"start":{"line":62,"column":51},"end":{"line":62,"column":82}},"type":"binary-expr","locations":[{"start":{"line":62,"column":51},"end":{"line":62,"column":63}},{"start":{"line":62,"column":67},"end":{"line":62,"column":82}}]},"6":{"loc":{"start":{"line":65,"column":4},"end":{"line":70,"column":5}},"type":"if","locations":[{"start":{"line":65,"column":4},"end":{"line":70,"column":5}},{"start":{"line":67,"column":11},"end":{"line":70,"column":5}}]},"7":{"loc":{"start":{"line":69,"column":13},"end":{"line":69,"column":74}},"type":"cond-expr","locations":[{"start":{"line":69,"column":40},"end":{"line":69,"column":70}},{"start":{"line":69,"column":73},"end":{"line":69,"column":74}}]},"8":{"loc":{"start":{"line":85,"column":2},"end":{"line":87,"column":3}},"type":"if","locations":[{"start":{"line":85,"column":2},"end":{"line":87,"column":3}}]}},"s":{"0":4,"1":4,"2":4,"3":8,"4":8,"5":4,"6":4,"7":4,"8":4,"9":4,"10":4,"11":4,"12":1,"13":4,"14":3,"15":13,"16":3,"17":13,"18":3,"19":13,"20":7,"21":6,"22":2,"23":1,"24":1,"25":1,"26":1,"27":1,"28":4,"29":4,"30":4,"31":1,"32":1},"f":{"0":8,"1":4,"2":4,"3":13,"4":13,"5":13,"6":2,"7":4},"b":{"0":[0],"1":[4,4],"2":[1],"3":[3,0],"4":[3,0],"5":[13,6],"6":[7,6],"7":[6,0],"8":[1]}}
,"/Users/jamesheffernan/Documents/GitHub/mgt-scorekeeper/src/calcEngine/strokeAllocator.ts": {"path":"/Users/jamesheffernan/Documents/GitHub/mgt-scorekeeper/src/calcEngine/strokeAllocator.ts","statementMap":{"0":{"start":{"line":17,"column":0},"end":{"line":17,"column":16}},"1":{"start":{"line":84,"column":0},"end":{"line":84,"column":16}},"2":{"start":{"line":160,"column":0},"end":{"line":160,"column":16}},"3":{"start":{"line":176,"column":0},"end":{"line":176,"column":16}},"4":{"start":{"line":23,"column":22},"end":{"line":25,"column":26}},"5":{"start":{"line":28,"column":18},"end":{"line":28,"column":71}},"6":{"start":{"line":28,"column":39},"end":{"line":28,"column":70}},"7":{"start":{"line":31,"column":2},"end":{"line":31,"column":61}},"8":{"start":{"line":32,"column":2},"end":{"line":32,"column":66}},"9":{"start":{"line":33,"column":2},"end":{"line":33,"column":57}},"10":{"start":{"line":34,"column":2},"end":{"line":34,"column":59}},"11":{"start":{"line":35,"column":2},"end":{"line":35,"column":73}},"12":{"start":{"line":39,"column":37},"end":{"line":41,"column":33}},"13":{"start":{"line":41,"column":15},"end":{"line":41,"column":32}},"14":{"start":{"line":44,"column":28},"end":{"line":44,"column":53}},"15":{"start":{"line":47,"column":2},"end":{"line":69,"column":3}},"16":{"start":{"line":47,"column":23},"end":{"line":47,"column":24}},"17":{"start":{"line":48,"column":24},"end":{"line":48,"column":42}},"18":{"start":{"line":51,"column":4},"end":{"line":51,"column":129}},"19":{"start":{"line":54,"column":4},"end":{"line":54,"column":38}},"20":{"start":{"line":54,"column":29},"end":{"line":54,"column":38}},"21":{"start":{"line":57,"column":4},"end":{"line":68,"column":5}},"22":{"start":{"line":57,"column":22},"end":{"line":57,"column":23}},"23":{"start":{"line":59,"column":26},"end":{"line":59,"column":43}},"24":{"start":{"line":60,"column":22},"end":{"line":60,"column":52}},"25":{"start":{"line":63,"column":6},"end":{"line":63,"column":134}},"26":{"start":{"line":67,"column":6},"end":{"line":67,"column":43}},"27":{"start":{"line":71,"column":2},"end":{"line":71,"column":24}},"28":{"start":{"line":90,"column":22},"end":{"line":92,"column":26}},"29":{"start":{"line":95,"column":18},"end":{"line":95,"column":71}},"30":{"start":{"line":95,"column":39},"end":{"line":95,"column":70}},"31":{"start":{"line":98,"column":2},"end":{"line":98,"column":69}},"32":{"start":{"line":99,"column":2},"end":{"line":99,"column":66}},"33":{"start":{"line":100,"column":2},"end":{"line":100,"column":63}},"34":{"start":{"line":101,"column":2},"end":{"line":101,"column":59}},"35":{"start":{"line":102,"column":2},"end":{"line":102,"column":73}},"36":{"start":{"line":106,"column":37},"end":{"line":108,"column":33}},"37":{"start":{"line":108,"column":15},"end":{"line":108,"column":32}},"38":{"start":{"line":111,"column":2},"end":{"line":147,"column":3}},"39":{"start":{"line":111,"column":23},"end":{"line":111,"column":24}},"40":{"start":{"line":112,"column":24},"end":{"line":112,"column":42}},"41":{"start":{"line":115,"column":4},"end":{"line":115,"column":129}},"42":{"start":{"line":118,"column":4},"end":{"line":118,"column":38}},"43":{"start":{"line":118,"column":29},"end":{"line":118,"column":38}},"44":{"start":{"line":121,"column":25},"end":{"line":121,"column":44}},"45":{"start":{"line":122,"column":4},"end":{"line":125,"column":5}},"46":{"start":{"line":123,"column":6},"end":{"line":123,"column":73}},"47":{"start":{"line":124,"column":6},"end":{"line":124,"column":15}},"48":{"start":{"line":127,"column":30},"end":{"line":127,"column":61}},"49":{"start":{"line":130,"column":4},"end":{"line":130,"column":79}},"50":{"start":{"line":131,"column":4},"end":{"line":131,"column":164}},"51":{"start":{"line":131,"column":118},"end":{"line":131,"column":160}},"52":{"start":{"line":135,"column":4},"end":{"line":146,"column":5}},"53":{"start":{"line":135,"column":22},"end":{"line":135,"column":23}},"54":{"start":{"line":137,"column":26},"end":{"line":137,"column":43}},"55":{"start":{"line":138,"column":22},"end":{"line":138,"column":52}},"56":{"start":{"line":141,"column":6},"end":{"line":141,"column":164}},"57":{"start":{"line":145,"column":6},"end":{"line":145,"column":43}},"58":{"start":{"line":149,"column":2},"end":{"line":149,"column":24}},"59":{"start":{"line":165,"column":2},"end":{"line":165,"column":50}},"60":{"start":{"line":181,"column":2},"end":{"line":181,"column":46}},"61":{"start":{"line":193,"column":18},"end":{"line":193,"column":52}},"62":{"start":{"line":193,"column":42},"end":{"line":193,"column":51}},"63":{"start":{"line":196,"column":2},"end":{"line":196,"column":38}},"64":{"start":{"line":196,"column":25},"end":{"line":196,"column":36}},"65":{"start":{"line":199,"column":2},"end":{"line":199,"column":54}},"66":{"start":{"line":199,"column":45},"end":{"line":199,"column":52}}},"fnMap":{"0":{"name":"allocateStrokes","decl":{"start":{"line":17,"column":16},"end":{"line":17,"column":31}},"loc":{"start":{"line":20,"column":27},"end":{"line":72,"column":1}}},"1":{"name":"(anonymous_1)","decl":{"start":{"line":28,"column":30},"end":{"line":28,"column":35}},"loc":{"start":{"line":28,"column":39},"end":{"line":28,"column":70}}},"2":{"name":"(anonymous_2)","decl":{"start":{"line":41,"column":9},"end":{"line":41,"column":12}},"loc":{"start":{"line":41,"column":15},"end":{"line":41,"column":32}}},"3":{"name":"allocateStrokesMultiTee","decl":{"start":{"line":84,"column":16},"end":{"line":84,"column":39}},"loc":{"start":{"line":87,"column":27},"end":{"line":150,"column":1}}},"4":{"name":"(anonymous_4)","decl":{"start":{"line":95,"column":30},"end":{"line":95,"column":35}},"loc":{"start":{"line":95,"column":39},"end":{"line":95,"column":70}}},"5":{"name":"(anonymous_5)","decl":{"start":{"line":108,"column":9},"end":{"line":108,"column":12}},"loc":{"start":{"line":108,"column":15},"end":{"line":108,"column":32}}},"6":{"name":"(anonymous_6)","decl":{"start":{"line":131,"column":109},"end":{"line":131,"column":113}},"loc":{"start":{"line":131,"column":118},"end":{"line":131,"column":160}}},"7":{"name":"hasStroke","decl":{"start":{"line":160,"column":16},"end":{"line":160,"column":25}},"loc":{"start":{"line":163,"column":19},"end":{"line":166,"column":1}}},"8":{"name":"getStrokes","decl":{"start":{"line":176,"column":16},"end":{"line":176,"column":26}},"loc":{"start":{"line":179,"column":19},"end":{"line":182,"column":1}}},"9":{"name":"findHolesBySI","decl":{"start":{"line":191,"column":9},"end":{"line":191,"column":22}},"loc":{"start":{"line":191,"column":54},"end":{"line":200,"column":1}}},"10":{"name":"(anonymous_10)","decl":{"start":{"line":193,"column":29},"end":{"line":193,"column":30}},"loc":{"start":{"line":193,"column":42},"end":{"line":193,"column":51}}},"11":{"name":"(anonymous_11)","decl":{"start":{"line":196,"column":15},"end":{"line":196,"column":16}},"loc":{"start":{"line":196,"column":25},"end":{"line":196,"column":36}}},"12":{"name":"(anonymous_12)","decl":{"start":{"line":199,"column":37},"end":{"line":199,"column":41}},"loc":{"start":{"line":199,"column":45},"end":{"line":199,"column":52}}}},"branchMap":{"0":{"loc":{"start":{"line":23,"column":22},"end":{"line":25,"column":26}},"type":"cond-expr","locations":[{"start":{"line":24,"column":6},"end":{"line":24,"column":22}},{"start":{"line":25,"column":6},"end":{"line":25,"column":26}}]},"1":{"loc":{"start":{"line":54,"column":4},"end":{"line":54,"column":38}},"type":"if","locations":[{"start":{"line":54,"column":4},"end":{"line":54,"column":38}}]},"2":{"loc":{"start":{"line":90,"column":22},"end":{"line":92,"column":26}},"type":"cond-expr","locations":[{"start":{"line":91,"column":6},"end":{"line":91,"column":22}},{"start":{"line":92,"column":6},"end":{"line":92,"column":26}}]},"3":{"loc":{"start":{"line":118,"column":4},"end":{"line":118,"column":38}},"type":"if","locations":[{"start":{"line":118,"column":4},"end":{"line":118,"column":38}}]},"4":{"loc":{"start":{"line":122,"column":4},"end":{"line":125,"column":5}},"type":"if","locations":[{"start":{"line":122,"column":4},"end":{"line":125,"column":5}}]},"5":{"loc":{"start":{"line":122,"column":8},"end":{"line":122,"column":51}},"type":"binary-expr","locations":[{"start":{"line":122,"column":8},"end":{"line":122,"column":21}},{"start":{"line":122,"column":25},"end":{"line":122,"column":51}}]}},"s":{"0":4,"1":4,"2":4,"3":4,"4":3,"5":3,"6":10,"7":3,"8":3,"9":3,"10":3,"11":3,"12":3,"13":10,"14":3,"15":3,"16":3,"17":10,"18":10,"19":10,"20":6,"21":4,"22":4,"23":29,"24":29,"25":29,"26":29,"27":3,"28":3,"29":3,"30":10,"31":3,"32":3,"33":3,"34":3,"35":3,"36":3,"37":10,"38":3,"39":3,"40":10,"41":10,"42":10,"43":3,"44":7,"45":7,"46":0,"47":0,"48":7,"49":7,"50":7,"51":126,"52":7,"53":7,"54":38,"55":38,"56":38,"57":38,"58":3,"59":0,"60":0,"61":10,"62":180,"63":10,"64":548,"65":10,"66":180},"f":{"0":3,"1":10,"2":10,"3":3,"4":10,"5":10,"6":126,"7":0,"8":0,"9":10,"10":180,"11":548,"12":180},"b":{"0":[0,3],"1":[6],"2":[0,3],"3":[3],"4":[0],"5":[7,7]}}
,"/Users/jamesheffernan/Documents/GitHub/mgt-scorekeeper/src/components/auth/LogIn.tsx": {"path":"/Users/jamesheffernan/Documents/GitHub/mgt-scorekeeper/src/components/auth/LogIn.tsx","statementMap":{"0":{"start":{"line":1,"column":0},"end":{"line":1,"column":51}},"1":{"start":{"line":2,"column":0},"end":{"line":2,"column":53}},"2":{"start":{"line":3,"column":0},"end":{"line":3,"column":52}},"3":{"start":{"line":4,"column":0},"end":{"line":4,"column":20}},"4":{"start":{"line":6,"column":24},"end":{"line":111,"column":1}},"5":{"start":{"line":7,"column":28},"end":{"line":7,"column":40}},"6":{"start":{"line":8,"column":34},"end":{"line":8,"column":46}},"7":{"start":{"line":9,"column":50},"end":{"line":12,"column":8}},"8":{"start":{"line":13,"column":36},"end":{"line":13,"column":45}},"9":{"start":{"line":14,"column":19},"end":{"line":14,"column":32}},"10":{"start":{"line":16,"column":23},"end":{"line":37,"column":3}},"11":{"start":{"line":17,"column":58},"end":{"line":17,"column":60}},"12":{"start":{"line":18,"column":18},"end":{"line":18,"column":22}},"13":{"start":{"line":21,"column":4},"end":{"line":27,"column":5}},"14":{"start":{"line":22,"column":6},"end":{"line":22,"column":41}},"15":{"start":{"line":23,"column":6},"end":{"line":23,"column":22}},"16":{"start":{"line":24,"column":11},"end":{"line":27,"column":5}},"17":{"start":{"line":25,"column":6},"end":{"line":25,"column":50}},"18":{"start":{"line":26,"column":6},"end":{"line":26,"column":22}},"19":{"start":{"line":30,"column":4},"end":{"line":33,"column":5}},"20":{"start":{"line":31,"column":6},"end":{"line":31,"column":47}},"21":{"start":{"line":32,"column":6},"end":{"line":32,"column":22}},"22":{"start":{"line":35,"column":4},"end":{"line":35,"column":32}},"23":{"start":{"line":36,"column":4},"end":{"line":36,"column":19}},"24":{"start":{"line":39,"column":23},"end":{"line":54,"column":3}},"25":{"start":{"line":40,"column":4},"end":{"line":40,"column":23}},"26":{"start":{"line":42,"column":4},"end":{"line":53,"column":5}},"27":{"start":{"line":43,"column":6},"end":{"line":52,"column":7}},"28":{"start":{"line":44,"column":21},"end":{"line":44,"column":49}},"29":{"start":{"line":45,"column":8},"end":{"line":48,"column":9}},"30":{"start":{"line":47,"column":10},"end":{"line":47,"column":29}},"31":{"start":{"line":51,"column":8},"end":{"line":51,"column":54}},"32":{"start":{"line":56,"column":2},"end":{"line":110,"column":4}},"33":{"start":{"line":68,"column":31},"end":{"line":68,"column":55}},"34":{"start":{"line":82,"column":31},"end":{"line":82,"column":58}},"35":{"start":{"line":113,"column":0},"end":{"line":113,"column":21}}},"fnMap":{"0":{"name":"(anonymous_9)","decl":{"start":{"line":6,"column":24},"end":{"line":6,"column":27}},"loc":{"start":{"line":6,"column":29},"end":{"line":111,"column":1}}},"1":{"name":"(anonymous_10)","decl":{"start":{"line":16,"column":23},"end":{"line":16,"column":35}},"loc":{"start":{"line":16,"column":37},"end":{"line":37,"column":3}}},"2":{"name":"(anonymous_11)","decl":{"start":{"line":39,"column":23},"end":{"line":39,"column":28}},"loc":{"start":{"line":39,"column":46},"end":{"line":54,"column":3}}},"3":{"name":"(anonymous_12)","decl":{"start":{"line":68,"column":24},"end":{"line":68,"column":25}},"loc":{"start":{"line":68,"column":31},"end":{"line":68,"column":55}}},"4":{"name":"(anonymous_13)","decl":{"start":{"line":82,"column":24},"end":{"line":82,"column":25}},"loc":{"start":{"line":82,"column":31},"end":{"line":82,"column":58}}}},"branchMap":{"0":{"loc":{"start":{"line":21,"column":4},"end":{"line":27,"column":5}},"type":"if","locations":[{"start":{"line":21,"column":4},"end":{"line":27,"column":5}},{"start":{"line":24,"column":11},"end":{"line":27,"column":5}}]},"1":{"loc":{"start":{"line":24,"column":11},"end":{"line":27,"column":5}},"type":"if","locations":[{"start":{"line":24,"column":11},"end":{"line":27,"column":5}}]},"2":{"loc":{"start":{"line":30,"column":4},"end":{"line":33,"column":5}},"type":"if","locations":[{"start":{"line":30,"column":4},"end":{"line":33,"column":5}}]},"3":{"loc":{"start":{"line":42,"column":4},"end":{"line":53,"column":5}},"type":"if","locations":[{"start":{"line":42,"column":4},"end":{"line":53,"column":5}}]},"4":{"loc":{"start":{"line":45,"column":8},"end":{"line":48,"column":9}},"type":"if","locations":[{"start":{"line":45,"column":8},"end":{"line":48,"column":9}}]},"5":{"loc":{"start":{"line":71,"column":13},"end":{"line":72,"column":null}},"type":"binary-expr","locations":[{"start":{"line":71,"column":13},"end":{"line":71,"column":35}},{"start":{"line":72,"column":14},"end":{"line":72,"column":75}}]},"6":{"loc":{"start":{"line":85,"column":13},"end":{"line":86,"column":null}},"type":"binary-expr","locations":[{"start":{"line":85,"column":13},"end":{"line":85,"column":38}},{"start":{"line":86,"column":14},"end":{"line":86,"column":78}}]},"7":{"loc":{"start":{"line":90,"column":11},"end":{"line":93,"column":null}},"type":"binary-expr","locations":[{"start":{"line":90,"column":11},"end":{"line":90,"column":16}},{"start":{"line":91,"column":12},"end":{"line":92,"column":null}}]},"8":{"loc":{"start":{"line":92,"column":15},"end":{"line":92,"column":64}},"type":"binary-expr","locations":[{"start":{"line":92,"column":15},"end":{"line":92,"column":28}},{"start":{"line":92,"column":32},"end":{"line":92,"column":64}}]},"9":{"loc":{"start":{"line":101,"column":13},"end":{"line":101,"column":49}},"type":"cond-expr","locations":[{"start":{"line":101,"column":23},"end":{"line":101,"column":38}},{"start":{"line":101,"column":41},"end":{"line":101,"column":49}}]}},"s":{"0":1,"1":1,"2":1,"3":1,"4":1,"5":8,"6":8,"7":8,"8":8,"9":8,"10":8,"11":2,"12":2,"13":2,"14":1,"15":1,"16":1,"17":0,"18":0,"19":2,"20":1,"21":1,"22":2,"23":2,"24":8,"25":2,"26":2,"27":1,"28":1,"29":1,"30":0,"31":0,"32":8,"33":1,"34":1,"35":1},"f":{"0":8,"1":2,"2":2,"3":1,"4":1},"b":{"0":[1,1],"1":[0],"2":[1],"3":[1],"4":[0],"5":[8,1],"6":[8,1],"7":[8,0],"8":[0,0],"9":[0,8]}}
,"/Users/jamesheffernan/Documents/GitHub/mgt-scorekeeper/src/components/auth/SignUp.tsx": {"path":"/Users/jamesheffernan/Documents/GitHub/mgt-scorekeeper/src/components/auth/SignUp.tsx","statementMap":{"0":{"start":{"line":1,"column":0},"end":{"line":1,"column":51}},"1":{"start":{"line":2,"column":0},"end":{"line":2,"column":53}},"2":{"start":{"line":3,"column":0},"end":{"line":3,"column":52}},"3":{"start":{"line":4,"column":0},"end":{"line":4,"column":20}},"4":{"start":{"line":6,"column":25},"end":{"line":114,"column":1}},"5":{"start":{"line":7,"column":28},"end":{"line":7,"column":40}},"6":{"start":{"line":8,"column":34},"end":{"line":8,"column":46}},"7":{"start":{"line":9,"column":50},"end":{"line":12,"column":8}},"8":{"start":{"line":13,"column":37},"end":{"line":13,"column":46}},"9":{"start":{"line":14,"column":19},"end":{"line":14,"column":32}},"10":{"start":{"line":16,"column":23},"end":{"line":40,"column":3}},"11":{"start":{"line":17,"column":58},"end":{"line":17,"column":60}},"12":{"start":{"line":18,"column":18},"end":{"line":18,"column":22}},"13":{"start":{"line":21,"column":4},"end":{"line":27,"column":5}},"14":{"start":{"line":22,"column":6},"end":{"line":22,"column":41}},"15":{"start":{"line":23,"column":6},"end":{"line":23,"column":22}},"16":{"start":{"line":24,"column":11},"end":{"line":27,"column":5}},"17":{"start":{"line":25,"column":6},"end":{"line":25,"column":50}},"18":{"start":{"line":26,"column":6},"end":{"line":26,"column":22}},"19":{"start":{"line":30,"column":4},"end":{"line":36,"column":5}},"20":{"start":{"line":31,"column":6},"end":{"line":31,"column":47}},"21":{"start":{"line":32,"column":6},"end":{"line":32,"column":22}},"22":{"start":{"line":33,"column":11},"end":{"line":36,"column":5}},"23":{"start":{"line":34,"column":6},"end":{"line":34,"column":65}},"24":{"start":{"line":35,"column":6},"end":{"line":35,"column":22}},"25":{"start":{"line":38,"column":4},"end":{"line":38,"column":32}},"26":{"start":{"line":39,"column":4},"end":{"line":39,"column":19}},"27":{"start":{"line":42,"column":23},"end":{"line":57,"column":3}},"28":{"start":{"line":43,"column":4},"end":{"line":43,"column":23}},"29":{"start":{"line":45,"column":4},"end":{"line":56,"column":5}},"30":{"start":{"line":46,"column":6},"end":{"line":55,"column":7}},"31":{"start":{"line":47,"column":21},"end":{"line":47,"column":50}},"32":{"start":{"line":48,"column":8},"end":{"line":51,"column":9}},"33":{"start":{"line":50,"column":10},"end":{"line":50,"column":29}},"34":{"start":{"line":54,"column":8},"end":{"line":54,"column":56}},"35":{"start":{"line":59,"column":2},"end":{"line":113,"column":4}},"36":{"start":{"line":71,"column":31},"end":{"line":71,"column":55}},"37":{"start":{"line":85,"column":31},"end":{"line":85,"column":58}},"38":{"start":{"line":116,"column":0},"end":{"line":116,"column":22}}},"fnMap":{"0":{"name":"(anonymous_9)","decl":{"start":{"line":6,"column":25},"end":{"line":6,"column":28}},"loc":{"start":{"line":6,"column":30},"end":{"line":114,"column":1}}},"1":{"name":"(anonymous_10)","decl":{"start":{"line":16,"column":23},"end":{"line":16,"column":35}},"loc":{"start":{"line":16,"column":37},"end":{"line":40,"column":3}}},"2":{"name":"(anonymous_11)","decl":{"start":{"line":42,"column":23},"end":{"line":42,"column":28}},"loc":{"start":{"line":42,"column":46},"end":{"line":57,"column":3}}},"3":{"name":"(anonymous_12)","decl":{"start":{"line":71,"column":24},"end":{"line":71,"column":25}},"loc":{"start":{"line":71,"column":31},"end":{"line":71,"column":55}}},"4":{"name":"(anonymous_13)","decl":{"start":{"line":85,"column":24},"end":{"line":85,"column":25}},"loc":{"start":{"line":85,"column":31},"end":{"line":85,"column":58}}}},"branchMap":{"0":{"loc":{"start":{"line":21,"column":4},"end":{"line":27,"column":5}},"type":"if","locations":[{"start":{"line":21,"column":4},"end":{"line":27,"column":5}},{"start":{"line":24,"column":11},"end":{"line":27,"column":5}}]},"1":{"loc":{"start":{"line":24,"column":11},"end":{"line":27,"column":5}},"type":"if","locations":[{"start":{"line":24,"column":11},"end":{"line":27,"column":5}}]},"2":{"loc":{"start":{"line":30,"column":4},"end":{"line":36,"column":5}},"type":"if","locations":[{"start":{"line":30,"column":4},"end":{"line":36,"column":5}},{"start":{"line":33,"column":11},"end":{"line":36,"column":5}}]},"3":{"loc":{"start":{"line":33,"column":11},"end":{"line":36,"column":5}},"type":"if","locations":[{"start":{"line":33,"column":11},"end":{"line":36,"column":5}}]},"4":{"loc":{"start":{"line":45,"column":4},"end":{"line":56,"column":5}},"type":"if","locations":[{"start":{"line":45,"column":4},"end":{"line":56,"column":5}}]},"5":{"loc":{"start":{"line":48,"column":8},"end":{"line":51,"column":9}},"type":"if","locations":[{"start":{"line":48,"column":8},"end":{"line":51,"column":9}}]},"6":{"loc":{"start":{"line":74,"column":13},"end":{"line":75,"column":null}},"type":"binary-expr","locations":[{"start":{"line":74,"column":13},"end":{"line":74,"column":35}},{"start":{"line":75,"column":14},"end":{"line":75,"column":75}}]},"7":{"loc":{"start":{"line":88,"column":13},"end":{"line":89,"column":null}},"type":"binary-expr","locations":[{"start":{"line":88,"column":13},"end":{"line":88,"column":38}},{"start":{"line":89,"column":14},"end":{"line":89,"column":78}}]},"8":{"loc":{"start":{"line":93,"column":11},"end":{"line":96,"column":null}},"type":"binary-expr","locations":[{"start":{"line":93,"column":11},"end":{"line":93,"column":16}},{"start":{"line":94,"column":12},"end":{"line":95,"column":null}}]},"9":{"loc":{"start":{"line":95,"column":15},"end":{"line":95,"column":66}},"type":"binary-expr","locations":[{"start":{"line":95,"column":15},"end":{"line":95,"column":28}},{"start":{"line":95,"column":32},"end":{"line":95,"column":66}}]},"10":{"loc":{"start":{"line":104,"column":13},"end":{"line":104,"column":50}},"type":"cond-expr","locations":[{"start":{"line":104,"column":23},"end":{"line":104,"column":38}},{"start":{"line":104,"column":41},"end":{"line":104,"column":50}}]}},"s":{"0":1,"1":1,"2":1,"3":1,"4":1,"5":8,"6":8,"7":8,"8":8,"9":8,"10":8,"11":2,"12":2,"13":2,"14":1,"15":1,"16":1,"17":0,"18":0,"19":2,"20":1,"21":1,"22":1,"23":0,"24":0,"25":2,"26":2,"27":8,"28":2,"29":2,"30":1,"31":1,"32":1,"33":0,"34":0,"35":8,"36":1,"37":1,"38":1},"f":{"0":8,"1":2,"2":2,"3":1,"4":1},"b":{"0":[1,1],"1":[0],"2":[1,1],"3":[0],"4":[1],"5":[0],"6":[8,1],"7":[8,1],"8":[8,0],"9":[0,0],"10":[0,8]}}
,"/Users/jamesheffernan/Documents/GitHub/mgt-scorekeeper/src/components/ledger/ExportButton.tsx": {"path":"/Users/jamesheffernan/Documents/GitHub/mgt-scorekeeper/src/components/ledger/ExportButton.tsx","statementMap":{"0":{"start":{"line":1,"column":0},"end":{"line":1,"column":26}},"1":{"start":{"line":2,"column":0},"end":{"line":2,"column":72}},"2":{"start":{"line":3,"column":0},"end":{"line":3,"column":52}},"3":{"start":{"line":5,"column":31},"end":{"line":130,"column":1}},"4":{"start":{"line":6,"column":16},"end":{"line":6,"column":50}},"5":{"start":{"line":6,"column":38},"end":{"line":6,"column":49}},"6":{"start":{"line":7,"column":18},"end":{"line":7,"column":54}},"7":{"start":{"line":7,"column":40},"end":{"line":7,"column":53}},"8":{"start":{"line":8,"column":22},"end":{"line":8,"column":62}},"9":{"start":{"line":8,"column":44},"end":{"line":8,"column":61}},"10":{"start":{"line":9,"column":17},"end":{"line":9,"column":52}},"11":{"start":{"line":9,"column":39},"end":{"line":9,"column":51}},"12":{"start":{"line":10,"column":21},"end":{"line":10,"column":60}},"13":{"start":{"line":10,"column":43},"end":{"line":10,"column":59}},"14":{"start":{"line":11,"column":21},"end":{"line":11,"column":60}},"15":{"start":{"line":11,"column":43},"end":{"line":11,"column":59}},"16":{"start":{"line":12,"column":22},"end":{"line":12,"column":62}},"17":{"start":{"line":12,"column":44},"end":{"line":12,"column":61}},"18":{"start":{"line":14,"column":23},"end":{"line":127,"column":3}},"19":{"start":{"line":15,"column":14},"end":{"line":15,"column":16}},"20":{"start":{"line":18,"column":4},"end":{"line":18,"column":25}},"21":{"start":{"line":19,"column":4},"end":{"line":19,"column":25}},"22":{"start":{"line":20,"column":4},"end":{"line":22,"column":7}},"23":{"start":{"line":21,"column":6},"end":{"line":21,"column":45}},"24":{"start":{"line":23,"column":4},"end":{"line":25,"column":7}},"25":{"start":{"line":24,"column":6},"end":{"line":24,"column":43}},"26":{"start":{"line":26,"column":4},"end":{"line":28,"column":7}},"27":{"start":{"line":27,"column":6},"end":{"line":27,"column":44}},"28":{"start":{"line":29,"column":4},"end":{"line":29,"column":16}},"29":{"start":{"line":30,"column":4},"end":{"line":42,"column":5}},"30":{"start":{"line":30,"column":17},"end":{"line":30,"column":18}},"31":{"start":{"line":31,"column":6},"end":{"line":31,"column":73}},"32":{"start":{"line":32,"column":6},"end":{"line":40,"column":7}},"33":{"start":{"line":33,"column":8},"end":{"line":33,"column":70}},"34":{"start":{"line":33,"column":47},"end":{"line":33,"column":66}},"35":{"start":{"line":34,"column":8},"end":{"line":34,"column":64}},"36":{"start":{"line":34,"column":43},"end":{"line":34,"column":60}},"37":{"start":{"line":35,"column":8},"end":{"line":35,"column":60}},"38":{"start":{"line":35,"column":38},"end":{"line":35,"column":56}},"39":{"start":{"line":37,"column":8},"end":{"line":37,"column":47}},"40":{"start":{"line":37,"column":32},"end":{"line":37,"column":43}},"41":{"start":{"line":38,"column":8},"end":{"line":38,"column":47}},"42":{"start":{"line":38,"column":32},"end":{"line":38,"column":43}},"43":{"start":{"line":39,"column":8},"end":{"line":39,"column":47}},"44":{"start":{"line":39,"column":32},"end":{"line":39,"column":43}},"45":{"start":{"line":41,"column":6},"end":{"line":41,"column":18}},"46":{"start":{"line":45,"column":4},"end":{"line":45,"column":16}},"47":{"start":{"line":48,"column":4},"end":{"line":48,"column":22}},"48":{"start":{"line":49,"column":4},"end":{"line":49,"column":44}},"49":{"start":{"line":50,"column":4},"end":{"line":50,"column":75}},"50":{"start":{"line":50,"column":32},"end":{"line":50,"column":71}},"51":{"start":{"line":51,"column":4},"end":{"line":51,"column":73}},"52":{"start":{"line":51,"column":32},"end":{"line":51,"column":69}},"53":{"start":{"line":52,"column":4},"end":{"line":52,"column":75}},"54":{"start":{"line":52,"column":32},"end":{"line":52,"column":71}},"55":{"start":{"line":53,"column":4},"end":{"line":53,"column":33}},"56":{"start":{"line":54,"column":4},"end":{"line":54,"column":46}},"57":{"start":{"line":54,"column":25},"end":{"line":54,"column":44}},"58":{"start":{"line":55,"column":4},"end":{"line":55,"column":16}},"59":{"start":{"line":56,"column":4},"end":{"line":72,"column":7}},"60":{"start":{"line":57,"column":22},"end":{"line":57,"column":124}},"61":{"start":{"line":57,"column":45},"end":{"line":57,"column":86}},"62":{"start":{"line":57,"column":107},"end":{"line":57,"column":120}},"63":{"start":{"line":58,"column":23},"end":{"line":58,"column":126}},"64":{"start":{"line":58,"column":46},"end":{"line":58,"column":88}},"65":{"start":{"line":58,"column":109},"end":{"line":58,"column":122}},"66":{"start":{"line":59,"column":22},"end":{"line":59,"column":68}},"67":{"start":{"line":60,"column":6},"end":{"line":60,"column":100}},"68":{"start":{"line":61,"column":6},"end":{"line":67,"column":7}},"69":{"start":{"line":62,"column":8},"end":{"line":62,"column":74}},"70":{"start":{"line":62,"column":51},"end":{"line":62,"column":70}},"71":{"start":{"line":63,"column":8},"end":{"line":63,"column":68}},"72":{"start":{"line":63,"column":47},"end":{"line":63,"column":64}},"73":{"start":{"line":65,"column":8},"end":{"line":65,"column":47}},"74":{"start":{"line":65,"column":32},"end":{"line":65,"column":43}},"75":{"start":{"line":66,"column":8},"end":{"line":66,"column":47}},"76":{"start":{"line":66,"column":32},"end":{"line":66,"column":43}},"77":{"start":{"line":68,"column":6},"end":{"line":68,"column":66}},"78":{"start":{"line":68,"column":43},"end":{"line":68,"column":62}},"79":{"start":{"line":69,"column":6},"end":{"line":69,"column":39}},"80":{"start":{"line":70,"column":6},"end":{"line":70,"column":92}},"81":{"start":{"line":70,"column":49},"end":{"line":70,"column":90}},"82":{"start":{"line":71,"column":6},"end":{"line":71,"column":18}},"83":{"start":{"line":74,"column":4},"end":{"line":74,"column":23}},"84":{"start":{"line":75,"column":4},"end":{"line":84,"column":5}},"85":{"start":{"line":76,"column":22},"end":{"line":76,"column":47}},"86":{"start":{"line":77,"column":6},"end":{"line":77,"column":45}},"87":{"start":{"line":77,"column":30},"end":{"line":77,"column":41}},"88":{"start":{"line":78,"column":6},"end":{"line":78,"column":45}},"89":{"start":{"line":78,"column":30},"end":{"line":78,"column":41}},"90":{"start":{"line":79,"column":6},"end":{"line":79,"column":70}},"91":{"start":{"line":79,"column":47},"end":{"line":79,"column":66}},"92":{"start":{"line":81,"column":27},"end":{"line":81,"column":106}},"93":{"start":{"line":81,"column":50},"end":{"line":81,"column":68}},"94":{"start":{"line":81,"column":89},"end":{"line":81,"column":102}},"95":{"start":{"line":82,"column":28},"end":{"line":82,"column":108}},"96":{"start":{"line":82,"column":51},"end":{"line":82,"column":70}},"97":{"start":{"line":82,"column":91},"end":{"line":82,"column":104}},"98":{"start":{"line":83,"column":6},"end":{"line":83,"column":49}},"99":{"start":{"line":85,"column":4},"end":{"line":85,"column":59}},"100":{"start":{"line":85,"column":25},"end":{"line":85,"column":57}},"101":{"start":{"line":86,"column":4},"end":{"line":86,"column":16}},"102":{"start":{"line":89,"column":4},"end":{"line":89,"column":16}},"103":{"start":{"line":92,"column":4},"end":{"line":92,"column":27}},"104":{"start":{"line":93,"column":4},"end":{"line":93,"column":32}},"105":{"start":{"line":94,"column":4},"end":{"line":115,"column":7}},"106":{"start":{"line":95,"column":22},"end":{"line":95,"column":136}},"107":{"start":{"line":96,"column":6},"end":{"line":96,"column":27}},"108":{"start":{"line":96,"column":20},"end":{"line":96,"column":27}},"109":{"start":{"line":97,"column":20},"end":{"line":97,"column":22}},"110":{"start":{"line":98,"column":6},"end":{"line":98,"column":51}},"111":{"start":{"line":99,"column":6},"end":{"line":99,"column":54}},"112":{"start":{"line":100,"column":6},"end":{"line":100,"column":83}},"113":{"start":{"line":100,"column":31},"end":{"line":100,"column":83}},"114":{"start":{"line":101,"column":6},"end":{"line":105,"column":7}},"115":{"start":{"line":102,"column":8},"end":{"line":104,"column":11}},"116":{"start":{"line":103,"column":10},"end":{"line":103,"column":75}},"117":{"start":{"line":106,"column":6},"end":{"line":106,"column":45}},"118":{"start":{"line":107,"column":6},"end":{"line":107,"column":51}},"119":{"start":{"line":108,"column":6},"end":{"line":108,"column":131}},"120":{"start":{"line":109,"column":6},"end":{"line":109,"column":128}},"121":{"start":{"line":110,"column":6},"end":{"line":112,"column":9}},"122":{"start":{"line":111,"column":8},"end":{"line":111,"column":49}},"123":{"start":{"line":114,"column":6},"end":{"line":114,"column":20}},"124":{"start":{"line":118,"column":17},"end":{"line":118,"column":54}},"125":{"start":{"line":119,"column":16},"end":{"line":119,"column":41}},"126":{"start":{"line":120,"column":14},"end":{"line":120,"column":41}},"127":{"start":{"line":121,"column":4},"end":{"line":121,"column":33}},"128":{"start":{"line":122,"column":4},"end":{"line":122,"column":32}},"129":{"start":{"line":123,"column":4},"end":{"line":123,"column":67}},"130":{"start":{"line":124,"column":4},"end":{"line":124,"column":33}},"131":{"start":{"line":125,"column":4},"end":{"line":125,"column":14}},"132":{"start":{"line":126,"column":4},"end":{"line":126,"column":33}},"133":{"start":{"line":129,"column":2},"end":{"line":129,"column":144}},"134":{"start":{"line":132,"column":0},"end":{"line":132,"column":28}}},"fnMap":{"0":{"name":"(anonymous_1)","decl":{"start":{"line":5,"column":31},"end":{"line":5,"column":34}},"loc":{"start":{"line":5,"column":36},"end":{"line":130,"column":1}}},"1":{"name":"(anonymous_2)","decl":{"start":{"line":6,"column":29},"end":{"line":6,"column":34}},"loc":{"start":{"line":6,"column":38},"end":{"line":6,"column":49}}},"2":{"name":"(anonymous_3)","decl":{"start":{"line":7,"column":31},"end":{"line":7,"column":36}},"loc":{"start":{"line":7,"column":40},"end":{"line":7,"column":53}}},"3":{"name":"(anonymous_4)","decl":{"start":{"line":8,"column":35},"end":{"line":8,"column":40}},"loc":{"start":{"line":8,"column":44},"end":{"line":8,"column":61}}},"4":{"name":"(anonymous_5)","decl":{"start":{"line":9,"column":30},"end":{"line":9,"column":35}},"loc":{"start":{"line":9,"column":39},"end":{"line":9,"column":51}}},"5":{"name":"(anonymous_6)","decl":{"start":{"line":10,"column":34},"end":{"line":10,"column":39}},"loc":{"start":{"line":10,"column":43},"end":{"line":10,"column":59}}},"6":{"name":"(anonymous_7)","decl":{"start":{"line":11,"column":34},"end":{"line":11,"column":39}},"loc":{"start":{"line":11,"column":43},"end":{"line":11,"column":59}}},"7":{"name":"(anonymous_8)","decl":{"start":{"line":12,"column":35},"end":{"line":12,"column":40}},"loc":{"start":{"line":12,"column":44},"end":{"line":12,"column":61}}},"8":{"name":"(anonymous_9)","decl":{"start":{"line":14,"column":23},"end":{"line":14,"column":26}},"loc":{"start":{"line":14,"column":28},"end":{"line":127,"column":3}}},"9":{"name":"(anonymous_10)","decl":{"start":{"line":20,"column":20},"end":{"line":20,"column":26}},"loc":{"start":{"line":20,"column":29},"end":{"line":22,"column":5}}},"10":{"name":"(anonymous_11)","decl":{"start":{"line":23,"column":20},"end":{"line":23,"column":26}},"loc":{"start":{"line":23,"column":29},"end":{"line":25,"column":5}}},"11":{"name":"(anonymous_12)","decl":{"start":{"line":26,"column":20},"end":{"line":26,"column":26}},"loc":{"start":{"line":26,"column":29},"end":{"line":28,"column":5}}},"12":{"name":"(anonymous_13)","decl":{"start":{"line":33,"column":36},"end":{"line":33,"column":41}},"loc":{"start":{"line":33,"column":44},"end":{"line":33,"column":68}}},"13":{"name":"(anonymous_14)","decl":{"start":{"line":34,"column":34},"end":{"line":34,"column":37}},"loc":{"start":{"line":34,"column":40},"end":{"line":34,"column":62}}},"14":{"name":"(anonymous_15)","decl":{"start":{"line":35,"column":28},"end":{"line":35,"column":32}},"loc":{"start":{"line":35,"column":35},"end":{"line":35,"column":58}}},"15":{"name":"(anonymous_16)","decl":{"start":{"line":37,"column":24},"end":{"line":37,"column":27}},"loc":{"start":{"line":37,"column":29},"end":{"line":37,"column":45}}},"16":{"name":"(anonymous_17)","decl":{"start":{"line":38,"column":24},"end":{"line":38,"column":27}},"loc":{"start":{"line":38,"column":29},"end":{"line":38,"column":45}}},"17":{"name":"(anonymous_18)","decl":{"start":{"line":39,"column":24},"end":{"line":39,"column":27}},"loc":{"start":{"line":39,"column":29},"end":{"line":39,"column":45}}},"18":{"name":"(anonymous_19)","decl":{"start":{"line":50,"column":20},"end":{"line":50,"column":26}},"loc":{"start":{"line":50,"column":29},"end":{"line":50,"column":73}}},"19":{"name":"(anonymous_20)","decl":{"start":{"line":51,"column":20},"end":{"line":51,"column":26}},"loc":{"start":{"line":51,"column":29},"end":{"line":51,"column":71}}},"20":{"name":"(anonymous_21)","decl":{"start":{"line":52,"column":20},"end":{"line":52,"column":26}},"loc":{"start":{"line":52,"column":29},"end":{"line":52,"column":73}}},"21":{"name":"(anonymous_22)","decl":{"start":{"line":56,"column":19},"end":{"line":56,"column":20}},"loc":{"start":{"line":56,"column":34},"end":{"line":72,"column":5}}},"22":{"name":"(anonymous_23)","decl":{"start":{"line":57,"column":40},"end":{"line":57,"column":41}},"loc":{"start":{"line":57,"column":45},"end":{"line":57,"column":86}}},"23":{"name":"(anonymous_24)","decl":{"start":{"line":57,"column":95},"end":{"line":57,"column":96}},"loc":{"start":{"line":57,"column":107},"end":{"line":57,"column":120}}},"24":{"name":"(anonymous_25)","decl":{"start":{"line":58,"column":41},"end":{"line":58,"column":42}},"loc":{"start":{"line":58,"column":46},"end":{"line":58,"column":88}}},"25":{"name":"(anonymous_26)","decl":{"start":{"line":58,"column":97},"end":{"line":58,"column":98}},"loc":{"start":{"line":58,"column":109},"end":{"line":58,"column":122}}},"26":{"name":"(anonymous_27)","decl":{"start":{"line":62,"column":40},"end":{"line":62,"column":45}},"loc":{"start":{"line":62,"column":48},"end":{"line":62,"column":72}}},"27":{"name":"(anonymous_28)","decl":{"start":{"line":63,"column":38},"end":{"line":63,"column":41}},"loc":{"start":{"line":63,"column":44},"end":{"line":63,"column":66}}},"28":{"name":"(anonymous_29)","decl":{"start":{"line":65,"column":24},"end":{"line":65,"column":27}},"loc":{"start":{"line":65,"column":29},"end":{"line":65,"column":45}}},"29":{"name":"(anonymous_30)","decl":{"start":{"line":66,"column":24},"end":{"line":66,"column":27}},"loc":{"start":{"line":66,"column":29},"end":{"line":66,"column":45}}},"30":{"name":"(anonymous_31)","decl":{"start":{"line":68,"column":32},"end":{"line":68,"column":37}},"loc":{"start":{"line":68,"column":40},"end":{"line":68,"column":64}}},"31":{"name":"(anonymous_32)","decl":{"start":{"line":77,"column":22},"end":{"line":77,"column":25}},"loc":{"start":{"line":77,"column":27},"end":{"line":77,"column":43}}},"32":{"name":"(anonymous_33)","decl":{"start":{"line":78,"column":22},"end":{"line":78,"column":25}},"loc":{"start":{"line":78,"column":27},"end":{"line":78,"column":43}}},"33":{"name":"(anonymous_34)","decl":{"start":{"line":79,"column":36},"end":{"line":79,"column":41}},"loc":{"start":{"line":79,"column":44},"end":{"line":79,"column":68}}},"34":{"name":"(anonymous_35)","decl":{"start":{"line":81,"column":45},"end":{"line":81,"column":46}},"loc":{"start":{"line":81,"column":50},"end":{"line":81,"column":68}}},"35":{"name":"(anonymous_36)","decl":{"start":{"line":81,"column":77},"end":{"line":81,"column":78}},"loc":{"start":{"line":81,"column":89},"end":{"line":81,"column":102}}},"36":{"name":"(anonymous_37)","decl":{"start":{"line":82,"column":46},"end":{"line":82,"column":47}},"loc":{"start":{"line":82,"column":51},"end":{"line":82,"column":70}}},"37":{"name":"(anonymous_38)","decl":{"start":{"line":82,"column":79},"end":{"line":82,"column":80}},"loc":{"start":{"line":82,"column":91},"end":{"line":82,"column":104}}},"38":{"name":"(anonymous_39)","decl":{"start":{"line":94,"column":19},"end":{"line":94,"column":20}},"loc":{"start":{"line":94,"column":30},"end":{"line":115,"column":5}}},"39":{"name":"(anonymous_40)","decl":{"start":{"line":102,"column":35},"end":{"line":102,"column":36}},"loc":{"start":{"line":102,"column":39},"end":{"line":104,"column":9}}},"40":{"name":"(anonymous_41)","decl":{"start":{"line":110,"column":20},"end":{"line":110,"column":21}},"loc":{"start":{"line":110,"column":39},"end":{"line":112,"column":7}}}},"branchMap":{"0":{"loc":{"start":{"line":31,"column":23},"end":{"line":31,"column":45}},"type":"binary-expr","locations":[{"start":{"line":31,"column":23},"end":{"line":31,"column":39}},{"start":{"line":31,"column":43},"end":{"line":31,"column":45}}]},"1":{"loc":{"start":{"line":31,"column":49},"end":{"line":31,"column":70}},"type":"binary-expr","locations":[{"start":{"line":31,"column":49},"end":{"line":31,"column":64}},{"start":{"line":31,"column":68},"end":{"line":31,"column":70}}]},"2":{"loc":{"start":{"line":32,"column":6},"end":{"line":40,"column":7}},"type":"if","locations":[{"start":{"line":32,"column":6},"end":{"line":40,"column":7}},{"start":{"line":36,"column":13},"end":{"line":40,"column":7}}]},"3":{"loc":{"start":{"line":54,"column":4},"end":{"line":54,"column":46}},"type":"if","locations":[{"start":{"line":54,"column":4},"end":{"line":54,"column":46}}]},"4":{"loc":{"start":{"line":57,"column":45},"end":{"line":57,"column":86}},"type":"binary-expr","locations":[{"start":{"line":57,"column":45},"end":{"line":57,"column":64}},{"start":{"line":57,"column":68},"end":{"line":57,"column":86}}]},"5":{"loc":{"start":{"line":58,"column":46},"end":{"line":58,"column":88}},"type":"binary-expr","locations":[{"start":{"line":58,"column":46},"end":{"line":58,"column":65}},{"start":{"line":58,"column":69},"end":{"line":58,"column":88}}]},"6":{"loc":{"start":{"line":59,"column":22},"end":{"line":59,"column":68}},"type":"cond-expr","locations":[{"start":{"line":59,"column":36},"end":{"line":59,"column":37}},{"start":{"line":59,"column":40},"end":{"line":59,"column":68}}]},"7":{"loc":{"start":{"line":61,"column":6},"end":{"line":67,"column":7}},"type":"if","locations":[{"start":{"line":61,"column":6},"end":{"line":67,"column":7}},{"start":{"line":64,"column":13},"end":{"line":67,"column":7}}]},"8":{"loc":{"start":{"line":70,"column":6},"end":{"line":70,"column":92}},"type":"if","locations":[{"start":{"line":70,"column":6},"end":{"line":70,"column":92}}]},"9":{"loc":{"start":{"line":70,"column":10},"end":{"line":70,"column":45}},"type":"binary-expr","locations":[{"start":{"line":70,"column":10},"end":{"line":70,"column":23}},{"start":{"line":70,"column":27},"end":{"line":70,"column":45}}]},"10":{"loc":{"start":{"line":75,"column":4},"end":{"line":84,"column":5}},"type":"if","locations":[{"start":{"line":75,"column":4},"end":{"line":84,"column":5}}]},"11":{"loc":{"start":{"line":85,"column":4},"end":{"line":85,"column":59}},"type":"if","locations":[{"start":{"line":85,"column":4},"end":{"line":85,"column":59}}]},"12":{"loc":{"start":{"line":96,"column":6},"end":{"line":96,"column":27}},"type":"if","locations":[{"start":{"line":96,"column":6},"end":{"line":96,"column":27}}]},"13":{"loc":{"start":{"line":100,"column":6},"end":{"line":100,"column":83}},"type":"if","locations":[{"start":{"line":100,"column":6},"end":{"line":100,"column":83}}]},"14":{"loc":{"start":{"line":101,"column":6},"end":{"line":105,"column":7}},"type":"if","locations":[{"start":{"line":101,"column":6},"end":{"line":105,"column":7}}]}},"s":{"0":1,"1":1,"2":1,"3":1,"4":0,"5":0,"6":0,"7":0,"8":0,"9":0,"10":0,"11":0,"12":0,"13":0,"14":0,"15":0,"16":0,"17":0,"18":0,"19":0,"20":0,"21":0,"22":0,"23":0,"24":0,"25":0,"26":0,"27":0,"28":0,"29":0,"30":0,"31":0,"32":0,"33":0,"34":0,"35":0,"36":0,"37":0,"38":0,"39":0,"40":0,"41":0,"42":0,"43":0,"44":0,"45":0,"46":0,"47":0,"48":0,"49":0,"50":0,"51":0,"52":0,"53":0,"54":0,"55":0,"56":0,"57":0,"58":0,"59":0,"60":0,"61":0,"62":0,"63":0,"64":0,"65":0,"66":0,"67":0,"68":0,"69":0,"70":0,"71":0,"72":0,"73":0,"74":0,"75":0,"76":0,"77":0,"78":0,"79":0,"80":0,"81":0,"82":0,"83":0,"84":0,"85":0,"86":0,"87":0,"88":0,"89":0,"90":0,"91":0,"92":0,"93":0,"94":0,"95":0,"96":0,"97":0,"98":0,"99":0,"100":0,"101":0,"102":0,"103":0,"104":0,"105":0,"106":0,"107":0,"108":0,"109":0,"110":0,"111":0,"112":0,"113":0,"114":0,"115":0,"116":0,"117":0,"118":0,"119":0,"120":0,"121":0,"122":0,"123":0,"124":0,"125":0,"126":0,"127":0,"128":0,"129":0,"130":0,"131":0,"132":0,"133":0,"134":1},"f":{"0":0,"1":0,"2":0,"3":0,"4":0,"5":0,"6":0,"7":0,"8":0,"9":0,"10":0,"11":0,"12":0,"13":0,"14":0,"15":0,"16":0,"17":0,"18":0,"19":0,"20":0,"21":0,"22":0,"23":0,"24":0,"25":0,"26":0,"27":0,"28":0,"29":0,"30":0,"31":0,"32":0,"33":0,"34":0,"35":0,"36":0,"37":0,"38":0,"39":0,"40":0},"b":{"0":[0,0],"1":[0,0],"2":[0,0],"3":[0],"4":[0,0],"5":[0,0],"6":[0,0],"7":[0,0],"8":[0],"9":[0,0],"10":[0],"11":[0],"12":[0],"13":[0],"14":[0]}}
,"/Users/jamesheffernan/Documents/GitHub/mgt-scorekeeper/src/components/ledger/PaperTrailDrawer.tsx": {"path":"/Users/jamesheffernan/Documents/GitHub/mgt-scorekeeper/src/components/ledger/PaperTrailDrawer.tsx","statementMap":{"0":{"start":{"line":1,"column":0},"end":{"line":1,"column":26}},"1":{"start":{"line":2,"column":0},"end":{"line":2,"column":72}},"2":{"start":{"line":4,"column":87},"end":{"line":84,"column":1}},"3":{"start":{"line":5,"column":16},"end":{"line":5,"column":50}},"4":{"start":{"line":5,"column":38},"end":{"line":5,"column":49}},"5":{"start":{"line":6,"column":18},"end":{"line":6,"column":54}},"6":{"start":{"line":6,"column":40},"end":{"line":6,"column":53}},"7":{"start":{"line":7,"column":22},"end":{"line":7,"column":62}},"8":{"start":{"line":7,"column":44},"end":{"line":7,"column":61}},"9":{"start":{"line":8,"column":17},"end":{"line":8,"column":52}},"10":{"start":{"line":8,"column":39},"end":{"line":8,"column":51}},"11":{"start":{"line":9,"column":21},"end":{"line":9,"column":60}},"12":{"start":{"line":9,"column":43},"end":{"line":9,"column":59}},"13":{"start":{"line":10,"column":21},"end":{"line":10,"column":60}},"14":{"start":{"line":10,"column":43},"end":{"line":10,"column":59}},"15":{"start":{"line":11,"column":22},"end":{"line":11,"column":62}},"16":{"start":{"line":11,"column":44},"end":{"line":11,"column":61}},"17":{"start":{"line":13,"column":21},"end":{"line":13,"column":25}},"18":{"start":{"line":14,"column":2},"end":{"line":16,"column":3}},"19":{"start":{"line":15,"column":4},"end":{"line":15,"column":134}},"20":{"start":{"line":19,"column":43},"end":{"line":34,"column":4}},"21":{"start":{"line":36,"column":2},"end":{"line":83,"column":11}},"22":{"start":{"line":44,"column":8},"end":{"line":44,"column":42}},"23":{"start":{"line":44,"column":32},"end":{"line":44,"column":42}},"24":{"start":{"line":68,"column":20},"end":{"line":68,"column":33}},"25":{"start":{"line":85,"column":0},"end":{"line":85,"column":32}}},"fnMap":{"0":{"name":"(anonymous_1)","decl":{"start":{"line":4,"column":87},"end":{"line":4,"column":88}},"loc":{"start":{"line":4,"column":113},"end":{"line":84,"column":1}}},"1":{"name":"(anonymous_2)","decl":{"start":{"line":5,"column":29},"end":{"line":5,"column":34}},"loc":{"start":{"line":5,"column":38},"end":{"line":5,"column":49}}},"2":{"name":"(anonymous_3)","decl":{"start":{"line":6,"column":31},"end":{"line":6,"column":36}},"loc":{"start":{"line":6,"column":40},"end":{"line":6,"column":53}}},"3":{"name":"(anonymous_4)","decl":{"start":{"line":7,"column":35},"end":{"line":7,"column":40}},"loc":{"start":{"line":7,"column":44},"end":{"line":7,"column":61}}},"4":{"name":"(anonymous_5)","decl":{"start":{"line":8,"column":30},"end":{"line":8,"column":35}},"loc":{"start":{"line":8,"column":39},"end":{"line":8,"column":51}}},"5":{"name":"(anonymous_6)","decl":{"start":{"line":9,"column":34},"end":{"line":9,"column":39}},"loc":{"start":{"line":9,"column":43},"end":{"line":9,"column":59}}},"6":{"name":"(anonymous_7)","decl":{"start":{"line":10,"column":34},"end":{"line":10,"column":39}},"loc":{"start":{"line":10,"column":43},"end":{"line":10,"column":59}}},"7":{"name":"(anonymous_8)","decl":{"start":{"line":11,"column":35},"end":{"line":11,"column":40}},"loc":{"start":{"line":11,"column":44},"end":{"line":11,"column":61}}},"8":{"name":"(anonymous_9)","decl":{"start":{"line":43,"column":17},"end":{"line":43,"column":18}},"loc":{"start":{"line":43,"column":21},"end":{"line":45,"column":7}}},"9":{"name":"(anonymous_10)","decl":{"start":{"line":67,"column":42},"end":{"line":67,"column":43}},"loc":{"start":{"line":68,"column":20},"end":{"line":68,"column":33}}}},"branchMap":{"0":{"loc":{"start":{"line":14,"column":2},"end":{"line":16,"column":3}},"type":"if","locations":[{"start":{"line":14,"column":2},"end":{"line":16,"column":3}}]},"1":{"loc":{"start":{"line":14,"column":6},"end":{"line":14,"column":56}},"type":"binary-expr","locations":[{"start":{"line":14,"column":6},"end":{"line":14,"column":19}},{"start":{"line":14,"column":23},"end":{"line":14,"column":31}},{"start":{"line":14,"column":35},"end":{"line":14,"column":56}}]},"2":{"loc":{"start":{"line":36,"column":9},"end":{"line":83,"column":10}},"type":"cond-expr","locations":[{"start":{"line":37,"column":4},"end":{"line":81,"column":null}},{"start":{"line":83,"column":6},"end":{"line":83,"column":10}}]},"3":{"loc":{"start":{"line":44,"column":8},"end":{"line":44,"column":42}},"type":"if","locations":[{"start":{"line":44,"column":8},"end":{"line":44,"column":42}}]},"4":{"loc":{"start":{"line":55,"column":68},"end":{"line":55,"column":105}},"type":"cond-expr","locations":[{"start":{"line":55,"column":84},"end":{"line":55,"column":100}},{"start":{"line":55,"column":103},"end":{"line":55,"column":105}}]},"5":{"loc":{"start":{"line":56,"column":7},"end":{"line":80,"column":null}},"type":"cond-expr","locations":[{"start":{"line":57,"column":8},"end":{"line":77,"column":null}},{"start":{"line":80,"column":8},"end":{"line":80,"column":64}}]},"6":{"loc":{"start":{"line":61,"column":13},"end":{"line":62,"column":null}},"type":"binary-expr","locations":[{"start":{"line":61,"column":13},"end":{"line":61,"column":32}},{"start":{"line":62,"column":14},"end":{"line":62,"column":62}}]},"7":{"loc":{"start":{"line":64,"column":13},"end":{"line":71,"column":null}},"type":"binary-expr","locations":[{"start":{"line":64,"column":13},"end":{"line":64,"column":42}},{"start":{"line":65,"column":14},"end":{"line":70,"column":null}}]}},"s":{"0":1,"1":1,"2":1,"3":1,"4":1,"5":1,"6":1,"7":1,"8":1,"9":1,"10":1,"11":1,"12":1,"13":1,"14":1,"15":1,"16":1,"17":1,"18":1,"19":1,"20":1,"21":1,"22":0,"23":0,"24":2,"25":1},"f":{"0":1,"1":1,"2":1,"3":1,"4":1,"5":1,"6":1,"7":1,"8":0,"9":2},"b":{"0":[1],"1":[1,1,1],"2":[1,0],"3":[0],"4":[1,0],"5":[1,0],"6":[1,1],"7":[1,1]}}
,"/Users/jamesheffernan/Documents/GitHub/mgt-scorekeeper/src/components/setup/AddPlayerForm.tsx": {"path":"/Users/jamesheffernan/Documents/GitHub/mgt-scorekeeper/src/components/setup/AddPlayerForm.tsx","statementMap":{"0":{"start":{"line":1,"column":0},"end":{"line":1,"column":51}},"1":{"start":{"line":2,"column":0},"end":{"line":2,"column":29}},"2":{"start":{"line":10,"column":52},"end":{"line":123,"column":1}},"3":{"start":{"line":11,"column":28},"end":{"line":11,"column":40}},"4":{"start":{"line":12,"column":26},"end":{"line":12,"column":38}},"5":{"start":{"line":13,"column":40},"end":{"line":13,"column":52}},"6":{"start":{"line":14,"column":28},"end":{"line":14,"column":57}},"7":{"start":{"line":17,"column":2},"end":{"line":24,"column":13}},"8":{"start":{"line":18,"column":4},"end":{"line":23,"column":5}},"9":{"start":{"line":19,"column":6},"end":{"line":19,"column":19}},"10":{"start":{"line":20,"column":6},"end":{"line":20,"column":18}},"11":{"start":{"line":21,"column":6},"end":{"line":21,"column":25}},"12":{"start":{"line":22,"column":6},"end":{"line":22,"column":21}},"13":{"start":{"line":26,"column":2},"end":{"line":28,"column":3}},"14":{"start":{"line":27,"column":4},"end":{"line":27,"column":16}},"15":{"start":{"line":30,"column":23},"end":{"line":69,"column":3}},"16":{"start":{"line":31,"column":4},"end":{"line":31,"column":19}},"17":{"start":{"line":32,"column":4},"end":{"line":39,"column":5}},"18":{"start":{"line":33,"column":27},"end":{"line":33,"column":39}},"19":{"start":{"line":34,"column":26},"end":{"line":34,"column":37}},"20":{"start":{"line":35,"column":6},"end":{"line":38,"column":7}},"21":{"start":{"line":36,"column":8},"end":{"line":36,"column":65}},"22":{"start":{"line":37,"column":8},"end":{"line":37,"column":15}},"23":{"start":{"line":40,"column":4},"end":{"line":43,"column":5}},"24":{"start":{"line":41,"column":6},"end":{"line":41,"column":50}},"25":{"start":{"line":42,"column":6},"end":{"line":42,"column":13}},"26":{"start":{"line":45,"column":18},"end":{"line":45,"column":41}},"27":{"start":{"line":46,"column":4},"end":{"line":49,"column":5}},"28":{"start":{"line":47,"column":6},"end":{"line":47,"column":51}},"29":{"start":{"line":48,"column":6},"end":{"line":48,"column":13}},"30":{"start":{"line":50,"column":4},"end":{"line":53,"column":5}},"31":{"start":{"line":51,"column":6},"end":{"line":51,"column":72}},"32":{"start":{"line":52,"column":6},"end":{"line":52,"column":13}},"33":{"start":{"line":55,"column":23},"end":{"line":55,"column":35}},"34":{"start":{"line":56,"column":22},"end":{"line":56,"column":33}},"35":{"start":{"line":57,"column":23},"end":{"line":57,"column":58}},"36":{"start":{"line":58,"column":4},"end":{"line":61,"column":5}},"37":{"start":{"line":59,"column":8},"end":{"line":59,"column":49}},"38":{"start":{"line":60,"column":8},"end":{"line":60,"column":15}},"39":{"start":{"line":63,"column":4},"end":{"line":68,"column":5}},"40":{"start":{"line":64,"column":6},"end":{"line":64,"column":66}},"41":{"start":{"line":66,"column":6},"end":{"line":66,"column":59}},"42":{"start":{"line":67,"column":6},"end":{"line":67,"column":23}},"43":{"start":{"line":71,"column":2},"end":{"line":122,"column":4}},"44":{"start":{"line":73,"column":77},"end":{"line":73,"column":96}},"45":{"start":{"line":84,"column":29},"end":{"line":84,"column":53}},"46":{"start":{"line":95,"column":29},"end":{"line":95,"column":52}},"47":{"start":{"line":106,"column":29},"end":{"line":106,"column":59}},"48":{"start":{"line":125,"column":0},"end":{"line":125,"column":29}}},"fnMap":{"0":{"name":"(anonymous_9)","decl":{"start":{"line":10,"column":52},"end":{"line":10,"column":53}},"loc":{"start":{"line":10,"column":83},"end":{"line":123,"column":1}}},"1":{"name":"(anonymous_10)","decl":{"start":{"line":17,"column":12},"end":{"line":17,"column":15}},"loc":{"start":{"line":17,"column":17},"end":{"line":24,"column":3}}},"2":{"name":"(anonymous_11)","decl":{"start":{"line":30,"column":23},"end":{"line":30,"column":28}},"loc":{"start":{"line":30,"column":34},"end":{"line":69,"column":3}}},"3":{"name":"(anonymous_12)","decl":{"start":{"line":73,"column":70},"end":{"line":73,"column":71}},"loc":{"start":{"line":73,"column":77},"end":{"line":73,"column":96}}},"4":{"name":"(anonymous_13)","decl":{"start":{"line":84,"column":22},"end":{"line":84,"column":23}},"loc":{"start":{"line":84,"column":29},"end":{"line":84,"column":53}}},"5":{"name":"(anonymous_14)","decl":{"start":{"line":95,"column":22},"end":{"line":95,"column":23}},"loc":{"start":{"line":95,"column":29},"end":{"line":95,"column":52}}},"6":{"name":"(anonymous_15)","decl":{"start":{"line":106,"column":22},"end":{"line":106,"column":23}},"loc":{"start":{"line":106,"column":29},"end":{"line":106,"column":59}}}},"branchMap":{"0":{"loc":{"start":{"line":18,"column":4},"end":{"line":23,"column":5}},"type":"if","locations":[{"start":{"line":18,"column":4},"end":{"line":23,"column":5}}]},"1":{"loc":{"start":{"line":26,"column":2},"end":{"line":28,"column":3}},"type":"if","locations":[{"start":{"line":26,"column":2},"end":{"line":28,"column":3}}]},"2":{"loc":{"start":{"line":32,"column":4},"end":{"line":39,"column":5}},"type":"if","locations":[{"start":{"line":32,"column":4},"end":{"line":39,"column":5}}]},"3":{"loc":{"start":{"line":32,"column":8},"end":{"line":32,"column":37}},"type":"binary-expr","locations":[{"start":{"line":32,"column":8},"end":{"line":32,"column":21}},{"start":{"line":32,"column":25},"end":{"line":32,"column":37}}]},"4":{"loc":{"start":{"line":35,"column":6},"end":{"line":38,"column":7}},"type":"if","locations":[{"start":{"line":35,"column":6},"end":{"line":38,"column":7}}]},"5":{"loc":{"start":{"line":35,"column":10},"end":{"line":35,"column":39}},"type":"binary-expr","locations":[{"start":{"line":35,"column":10},"end":{"line":35,"column":23}},{"start":{"line":35,"column":27},"end":{"line":35,"column":39}}]},"6":{"loc":{"start":{"line":40,"column":4},"end":{"line":43,"column":5}},"type":"if","locations":[{"start":{"line":40,"column":4},"end":{"line":43,"column":5}}]},"7":{"loc":{"start":{"line":46,"column":4},"end":{"line":49,"column":5}},"type":"if","locations":[{"start":{"line":46,"column":4},"end":{"line":49,"column":5}}]},"8":{"loc":{"start":{"line":50,"column":4},"end":{"line":53,"column":5}},"type":"if","locations":[{"start":{"line":50,"column":4},"end":{"line":53,"column":5}}]},"9":{"loc":{"start":{"line":50,"column":8},"end":{"line":50,"column":33}},"type":"binary-expr","locations":[{"start":{"line":50,"column":8},"end":{"line":50,"column":19}},{"start":{"line":50,"column":23},"end":{"line":50,"column":33}}]},"10":{"loc":{"start":{"line":58,"column":4},"end":{"line":61,"column":5}},"type":"if","locations":[{"start":{"line":58,"column":4},"end":{"line":61,"column":5}}]},"11":{"loc":{"start":{"line":76,"column":9},"end":{"line":76,"column":55}},"type":"binary-expr","locations":[{"start":{"line":76,"column":9},"end":{"line":76,"column":14}},{"start":{"line":76,"column":18},"end":{"line":76,"column":55}}]}},"s":{"0":1,"1":1,"2":1,"3":0,"4":0,"5":0,"6":0,"7":0,"8":0,"9":0,"10":0,"11":0,"12":0,"13":0,"14":0,"15":0,"16":0,"17":0,"18":0,"19":0,"20":0,"21":0,"22":0,"23":0,"24":0,"25":0,"26":0,"27":0,"28":0,"29":0,"30":0,"31":0,"32":0,"33":0,"34":0,"35":0,"36":0,"37":0,"38":0,"39":0,"40":0,"41":0,"42":0,"43":0,"44":0,"45":0,"46":0,"47":0,"48":1},"f":{"0":0,"1":0,"2":0,"3":0,"4":0,"5":0,"6":0},"b":{"0":[0],"1":[0],"2":[0],"3":[0,0],"4":[0],"5":[0,0],"6":[0],"7":[0],"8":[0],"9":[0,0],"10":[0],"11":[0,0]}}
[...]
"67":0,"68":0,"69":0,"70":0,"71":0,"72":0,"73":0,"74":0,"75":0,"76":0,"77":0,"78":0,"79":0,"80":0,"81":0,"82":0,"83":0,"84":0,"85":0,"86":0,"87":0,"88":0,"89":0,"90":0,"91":0,"92":0,"93":0,"94":0,"95":0,"96":0,"97":0,"98":0,"99":0,"100":0,"101":0,"102":0,"103":0,"104":0,"105":0,"106":0,"107":0,"108":0,"109":0,"110":0,"111":0,"112":0,"113":0,"114":0,"115":0,"116":0,"117":0,"118":0,"119":0,"120":0,"121":0,"122":0,"123":0,"124":0,"125":0,"126":0,"127":0,"128":0,"129":0,"130":0,"131":0,"132":0,"133":0,"134":0,"135":0,"136":0,"137":0,"138":0,"139":0,"140":0,"141":0,"142":0,"143":0,"144":0,"145":0,"146":0,"147":0,"148":0,"149":0,"150":0,"151":0,"152":0,"153":0,"154":0,"155":0,"156":0,"157":0,"158":0,"159":0,"160":0,"161":0,"162":0,"163":0,"164":0,"165":0,"166":0,"167":0,"168":0,"169":0,"170":0,"171":0,"172":0,"173":0,"174":0,"175":0,"176":0,"177":0,"178":0,"179":0,"180":0,"181":0,"182":0,"183":0,"184":0,"185":0,"186":0,"187":0,"188":0,"189":0,"190":0,"191":0,"192":0,"193":0,"194":0,"195":0,"196":0,"197":0,"198":0,"199":0,"200":0,"201":0,"202":0,"203":0,"204":0,"205":0,"206":0,"207":0,"208":0,"209":0,"210":0,"211":0,"212":0,"213":0,"214":0,"215":0,"216":0,"217":0,"218":0,"219":0,"220":0,"221":0,"222":0,"223":0,"224":0,"225":0,"226":0,"227":0,"228":0,"229":0,"230":0,"231":0,"232":0,"233":0,"234":0,"235":0,"236":0,"237":0,"238":0,"239":0,"240":0,"241":0,"242":0,"243":0,"244":0,"245":0,"246":0,"247":0,"248":0,"249":0,"250":0,"251":0,"252":0,"253":0,"254":0,"255":0,"256":0,"257":0,"258":0,"259":0,"260":0,"261":0,"262":0,"263":0,"264":0,"265":0,"266":0,"267":0,"268":0,"269":0,"270":0,"271":0,"272":0,"273":0,"274":0,"275":0,"276":0,"277":0,"278":0,"279":0,"280":0,"281":0,"282":0,"283":0,"284":3,"285":1,"286":1,"287":0,"288":1,"289":1,"290":1,"291":1,"292":1,"293":1,"294":0,"295":1,"296":1,"297":1,"298":0,"299":0,"300":0,"301":1,"302":1,"303":1,"304":1,"305":1,"306":2,"307":2,"308":2,"309":4,"310":2,"311":2,"312":2,"313":2,"314":1,"315":1,"316":1,"317":1,"318":1,"319":1,"320":1,"321":1},"f":{"0":0,"1":0,"2":0,"3":0,"4":0,"5":0,"6":4,"7":3,"8":72,"9":0,"10":0,"11":3,"12":0,"13":0,"14":0,"15":0,"16":0,"17":0,"18":0,"19":0,"20":0,"21":0,"22":0,"23":0,"24":0,"25":0,"26":0,"27":0,"28":0,"29":0,"30":0,"31":0,"32":0,"33":0,"34":0,"35":0,"36":0,"37":0,"38":0,"39":0,"40":0,"41":0,"42":0,"43":0,"44":0,"45":0,"46":0,"47":0,"48":0,"49":0,"50":0,"51":0,"52":0,"53":0,"54":0,"55":3,"56":1,"57":1,"58":1,"59":2,"60":4,"61":1,"62":1,"63":1},"b":{"0":[0],"1":[0],"2":[0],"3":[0,0],"4":[0,0],"5":[0],"6":[0],"7":[2],"8":[4,3],"9":[1],"10":[4,0],"11":[4,4],"12":[72],"13":[72,72],"14":[0],"15":[0,0,0],"16":[0],"17":[0],"18":[0,0],"19":[0],"20":[0,0],"21":[0,0],"22":[0,0],"23":[0,0],"24":[0,0],"25":[0,0],"26":[0,0],"27":[0,0],"28":[0,0],"29":[0,0],"30":[0,0],"31":[0],"32":[0],"33":[0,0],"34":[0],"35":[0,0],"36":[0,0],"37":[0,0],"38":[0,0],"39":[0,0],"40":[0,0],"41":[0,0],"42":[0,0],"43":[0,0],"44":[0,0],"45":[0,0],"46":[0,0],"47":[0,0],"48":[0,0],"49":[0],"50":[0,0],"51":[0,0],"52":[0,0],"53":[0,0],"54":[0,0],"55":[0],"56":[0],"57":[0,0],"58":[0,0],"59":[0,0],"60":[0,0],"61":[0,0],"62":[0,0],"63":[0,0],"64":[0,0],"65":[0],"66":[0,1],"67":[0],"68":[1],"69":[0],"70":[1,0],"71":[2,2],"72":[2],"73":[1,0]}}
,"/Users/jamesheffernan/Documents/GitHub/mgt-scorekeeper/src/store/rosterStore.ts": {"path":"/Users/jamesheffernan/Documents/GitHub/mgt-scorekeeper/src/store/rosterStore.ts","statementMap":{"0":{"start":{"line":9,"column":0},"end":{"line":9,"column":7}},"1":{"start":{"line":1,"column":0},"end":{"line":1,"column":33}},"2":{"start":{"line":2,"column":0},"end":{"line":2,"column":48}},"3":{"start":{"line":10,"column":18},"end":{"line":10,"column":51}},"4":{"start":{"line":11,"column":30},"end":{"line":11,"column":51}},"5":{"start":{"line":14,"column":2},"end":{"line":25,"column":3}},"6":{"start":{"line":15,"column":4},"end":{"line":24,"column":5}},"7":{"start":{"line":17,"column":19},"end":{"line":17,"column":59}},"8":{"start":{"line":18,"column":6},"end":{"line":18,"column":35}},"9":{"start":{"line":21,"column":6},"end":{"line":23,"column":9}},"10":{"start":{"line":28,"column":2},"end":{"line":31,"column":5}},"11":{"start":{"line":33,"column":2},"end":{"line":33,"column":16}},"12":{"start":{"line":39,"column":13},"end":{"line":101,"column":4}},"13":{"start":{"line":44,"column":18},"end":{"line":101,"column":2}},"14":{"start":{"line":48,"column":4},"end":{"line":62,"column":5}},"15":{"start":{"line":50,"column":25},"end":{"line":50,"column":74}},"16":{"start":{"line":52,"column":6},"end":{"line":58,"column":7}},"17":{"start":{"line":53,"column":8},"end":{"line":53,"column":43}},"18":{"start":{"line":56,"column":31},"end":{"line":56,"column":57}},"19":{"start":{"line":57,"column":8},"end":{"line":57,"column":40}},"20":{"start":{"line":60,"column":6},"end":{"line":60,"column":59}},"21":{"start":{"line":61,"column":6},"end":{"line":61,"column":45}},"22":{"start":{"line":65,"column":25},"end":{"line":85,"column":4}},"23":{"start":{"line":67,"column":16},"end":{"line":67,"column":68}},"24":{"start":{"line":67,"column":52},"end":{"line":67,"column":67}},"25":{"start":{"line":68,"column":17},"end":{"line":68,"column":70}},"26":{"start":{"line":68,"column":54},"end":{"line":68,"column":69}},"27":{"start":{"line":71,"column":22},"end":{"line":74,"column":6}},"28":{"start":{"line":76,"column":4},"end":{"line":76,"column":29}},"29":{"start":{"line":79,"column":4},"end":{"line":82,"column":7}},"30":{"start":{"line":84,"column":4},"end":{"line":84,"column":33}},"31":{"start":{"line":87,"column":18},"end":{"line":100,"column":4}},"32":{"start":{"line":88,"column":22},"end":{"line":91,"column":6}},"33":{"start":{"line":89,"column":47},"end":{"line":89,"column":62}},"34":{"start":{"line":90,"column":49},"end":{"line":90,"column":64}},"35":{"start":{"line":94,"column":4},"end":{"line":97,"column":7}},"36":{"start":{"line":99,"column":4},"end":{"line":99,"column":33}}},"fnMap":{"0":{"name":"migrateLegacyTeams","decl":{"start":{"line":9,"column":22},"end":{"line":9,"column":40}},"loc":{"start":{"line":9,"column":40},"end":{"line":34,"column":1}}},"1":{"name":"(anonymous_1)","decl":{"start":{"line":44,"column":3},"end":{"line":44,"column":4}},"loc":{"start":{"line":44,"column":18},"end":{"line":101,"column":2}}},"2":{"name":"(anonymous_2)","decl":{"start":{"line":47,"column":14},"end":{"line":47,"column":19}},"loc":{"start":{"line":47,"column":25},"end":{"line":63,"column":3}}},"3":{"name":"(anonymous_3)","decl":{"start":{"line":65,"column":11},"end":{"line":65,"column":12}},"loc":{"start":{"line":65,"column":25},"end":{"line":85,"column":4}}},"4":{"name":"(anonymous_4)","decl":{"start":{"line":65,"column":29},"end":{"line":65,"column":34}},"loc":{"start":{"line":65,"column":37},"end":{"line":85,"column":3}}},"5":{"name":"(anonymous_5)","decl":{"start":{"line":67,"column":40},"end":{"line":67,"column":48}},"loc":{"start":{"line":67,"column":52},"end":{"line":67,"column":67}}},"6":{"name":"(anonymous_6)","decl":{"start":{"line":68,"column":42},"end":{"line":68,"column":50}},"loc":{"start":{"line":68,"column":54},"end":{"line":68,"column":69}}},"7":{"name":"(anonymous_7)","decl":{"start":{"line":87,"column":10},"end":{"line":87,"column":11}},"loc":{"start":{"line":87,"column":18},"end":{"line":100,"column":4}}},"8":{"name":"(anonymous_8)","decl":{"start":{"line":87,"column":22},"end":{"line":87,"column":27}},"loc":{"start":{"line":87,"column":30},"end":{"line":100,"column":3}}},"9":{"name":"(anonymous_9)","decl":{"start":{"line":89,"column":35},"end":{"line":89,"column":43}},"loc":{"start":{"line":89,"column":47},"end":{"line":89,"column":62}}},"10":{"name":"(anonymous_10)","decl":{"start":{"line":90,"column":37},"end":{"line":90,"column":45}},"loc":{"start":{"line":90,"column":49},"end":{"line":90,"column":64}}}},"branchMap":{"0":{"loc":{"start":{"line":15,"column":4},"end":{"line":24,"column":5}},"type":"if","locations":[{"start":{"line":15,"column":4},"end":{"line":24,"column":5}}]},"1":{"loc":{"start":{"line":52,"column":6},"end":{"line":58,"column":7}},"type":"if","locations":[{"start":{"line":52,"column":6},"end":{"line":58,"column":7}},{"start":{"line":54,"column":13},"end":{"line":58,"column":7}}]}},"s":{"0":1,"1":1,"2":1,"3":1,"4":1,"5":1,"6":3,"7":2,"8":2,"9":2,"10":1,"11":1,"12":1,"13":1,"14":1,"15":1,"16":1,"17":1,"18":0,"19":0,"20":0,"21":0,"22":6,"23":6,"24":3,"25":6,"26":1,"27":6,"28":6,"29":6,"30":6,"31":1,"32":1,"33":1,"34":1,"35":1,"36":1},"f":{"0":1,"1":1,"2":1,"3":6,"4":6,"5":3,"6":1,"7":1,"8":1,"9":1,"10":1},"b":{"0":[2],"1":[1,0]}}
,"/Users/jamesheffernan/Documents/GitHub/mgt-scorekeeper/src/store/setupFlowStore.ts": {"path":"/Users/jamesheffernan/Documents/GitHub/mgt-scorekeeper/src/store/setupFlowStore.ts","statementMap":{"0":{"start":{"line":1,"column":0},"end":{"line":1,"column":33}},"1":{"start":{"line":34,"column":21},"end":{"line":41,"column":2}},"2":{"start":{"line":44,"column":13},"end":{"line":98,"column":4}},"3":{"start":{"line":44,"column":71},"end":{"line":98,"column":2}},"4":{"start":{"line":48,"column":39},"end":{"line":48,"column":88}},"5":{"start":{"line":49,"column":23},"end":{"line":49,"column":52}},"6":{"start":{"line":50,"column":40},"end":{"line":54,"column":4}},"7":{"start":{"line":51,"column":20},"end":{"line":51,"column":43}},"8":{"start":{"line":52,"column":4},"end":{"line":52,"column":33}},"9":{"start":{"line":53,"column":4},"end":{"line":53,"column":37}},"10":{"start":{"line":55,"column":26},"end":{"line":55,"column":55}},"11":{"start":{"line":56,"column":27},"end":{"line":56,"column":52}},"12":{"start":{"line":57,"column":47},"end":{"line":57,"column":83}},"13":{"start":{"line":58,"column":15},"end":{"line":58,"column":71}},"14":{"start":{"line":62,"column":40},"end":{"line":62,"column":45}},"15":{"start":{"line":63,"column":34},"end":{"line":63,"column":36}},"16":{"start":{"line":64,"column":30},"end":{"line":64,"column":32}},"17":{"start":{"line":67,"column":4},"end":{"line":79,"column":7}},"18":{"start":{"line":68,"column":21},"end":{"line":68,"column":57}},"19":{"start":{"line":68,"column":45},"end":{"line":68,"column":56}},"20":{"start":{"line":69,"column":6},"end":{"line":78,"column":7}},"21":{"start":{"line":70,"column":8},"end":{"line":76,"column":11}},"22":{"start":{"line":77,"column":8},"end":{"line":77,"column":26}},"23":{"start":{"line":82,"column":4},"end":{"line":94,"column":7}},"24":{"start":{"line":83,"column":21},"end":{"line":83,"column":57}},"25":{"start":{"line":83,"column":45},"end":{"line":83,"column":56}},"26":{"start":{"line":84,"column":6},"end":{"line":93,"column":7}},"27":{"start":{"line":85,"column":8},"end":{"line":91,"column":11}},"28":{"start":{"line":92,"column":8},"end":{"line":92,"column":27}},"29":{"start":{"line":96,"column":4},"end":{"line":96,"column":30}}},"fnMap":{"0":{"name":"(anonymous_0)","decl":{"start":{"line":44,"column":56},"end":{"line":44,"column":57}},"loc":{"start":{"line":44,"column":71},"end":{"line":98,"column":2}}},"1":{"name":"(anonymous_1)","decl":{"start":{"line":48,"column":18},"end":{"line":48,"column":19}},"loc":{"start":{"line":48,"column":39},"end":{"line":48,"column":88}}},"2":{"name":"(anonymous_2)","decl":{"start":{"line":49,"column":15},"end":{"line":49,"column":16}},"loc":{"start":{"line":49,"column":23},"end":{"line":49,"column":52}}},"3":{"name":"(anonymous_3)","decl":{"start":{"line":50,"column":16},"end":{"line":50,"column":17}},"loc":{"start":{"line":50,"column":40},"end":{"line":54,"column":4}}},"4":{"name":"(anonymous_4)","decl":{"start":{"line":50,"column":44},"end":{"line":50,"column":49}},"loc":{"start":{"line":50,"column":52},"end":{"line":54,"column":3}}},"5":{"name":"(anonymous_5)","decl":{"start":{"line":55,"column":14},"end":{"line":55,"column":15}},"loc":{"start":{"line":55,"column":26},"end":{"line":55,"column":55}}},"6":{"name":"(anonymous_6)","decl":{"start":{"line":56,"column":14},"end":{"line":56,"column":15}},"loc":{"start":{"line":56,"column":27},"end":{"line":56,"column":52}}},"7":{"name":"(anonymous_7)","decl":{"start":{"line":57,"column":27},"end":{"line":57,"column":28}},"loc":{"start":{"line":57,"column":47},"end":{"line":57,"column":83}}},"8":{"name":"(anonymous_8)","decl":{"start":{"line":58,"column":9},"end":{"line":58,"column":12}},"loc":{"start":{"line":58,"column":15},"end":{"line":58,"column":71}}},"9":{"name":"(anonymous_9)","decl":{"start":{"line":61,"column":24},"end":{"line":61,"column":25}},"loc":{"start":{"line":61,"column":42},"end":{"line":97,"column":3}}},"10":{"name":"(anonymous_10)","decl":{"start":{"line":67,"column":23},"end":{"line":67,"column":25}},"loc":{"start":{"line":67,"column":28},"end":{"line":79,"column":5}}},"11":{"name":"(anonymous_11)","decl":{"start":{"line":68,"column":40},"end":{"line":68,"column":41}},"loc":{"start":{"line":68,"column":45},"end":{"line":68,"column":56}}},"12":{"name":"(anonymous_12)","decl":{"start":{"line":82,"column":24},"end":{"line":82,"column":26}},"loc":{"start":{"line":82,"column":29},"end":{"line":94,"column":5}}},"13":{"name":"(anonymous_13)","decl":{"start":{"line":83,"column":40},"end":{"line":83,"column":41}},"loc":{"start":{"line":83,"column":45},"end":{"line":83,"column":56}}}},"branchMap":{"0":{"loc":{"start":{"line":69,"column":6},"end":{"line":78,"column":7}},"type":"if","locations":[{"start":{"line":69,"column":6},"end":{"line":78,"column":7}}]},"1":{"loc":{"start":{"line":74,"column":17},"end":{"line":74,"column":35}},"type":"binary-expr","locations":[{"start":{"line":74,"column":17},"end":{"line":74,"column":29}},{"start":{"line":74,"column":33},"end":{"line":74,"column":35}}]},"2":{"loc":{"start":{"line":75,"column":16},"end":{"line":75,"column":33}},"type":"binary-expr","locations":[{"start":{"line":75,"column":16},"end":{"line":75,"column":27}},{"start":{"line":75,"column":31},"end":{"line":75,"column":33}}]},"3":{"loc":{"start":{"line":84,"column":6},"end":{"line":93,"column":7}},"type":"if","locations":[{"start":{"line":84,"column":6},"end":{"line":93,"column":7}}]},"4":{"loc":{"start":{"line":89,"column":17},"end":{"line":89,"column":35}},"type":"binary-expr","locations":[{"start":{"line":89,"column":17},"end":{"line":89,"column":29}},{"start":{"line":89,"column":33},"end":{"line":89,"column":35}}]},"5":{"loc":{"start":{"line":90,"column":16},"end":{"line":90,"column":33}},"type":"binary-expr","locations":[{"start":{"line":90,"column":16},"end":{"line":90,"column":27}},{"start":{"line":90,"column":31},"end":{"line":90,"column":33}}]}},"s":{"0":1,"1":1,"2":1,"3":1,"4":0,"5":0,"6":0,"7":0,"8":0,"9":0,"10":0,"11":0,"12":0,"13":0,"14":0,"15":0,"16":0,"17":0,"18":0,"19":0,"20":0,"21":0,"22":0,"23":0,"24":0,"25":0,"26":0,"27":0,"28":0,"29":0},"f":{"0":1,"1":0,"2":0,"3":0,"4":0,"5":0,"6":0,"7":0,"8":0,"9":0,"10":0,"11":0,"12":0,"13":0},"b":{"0":[0],"1":[0,0],"2":[0,0],"3":[0],"4":[0,0],"5":[0,0]}}
,"/Users/jamesheffernan/Documents/GitHub/mgt-scorekeeper/src/utils/nameFormatter.ts": {"path":"/Users/jamesheffernan/Documents/GitHub/mgt-scorekeeper/src/utils/nameFormatter.ts","statementMap":{"0":{"start":{"line":6,"column":32},"end":{"line":12,"column":1}},"1":{"start":{"line":7,"column":2},"end":{"line":9,"column":3}},"2":{"start":{"line":8,"column":4},"end":{"line":8,"column":29}},"3":{"start":{"line":11,"column":2},"end":{"line":11,"column":49}},"4":{"start":{"line":6,"column":13},"end":{"line":6,"column":32}},"5":{"start":{"line":17,"column":27},"end":{"line":24,"column":1}},"6":{"start":{"line":18,"column":2},"end":{"line":18,"column":22}},"7":{"start":{"line":18,"column":12},"end":{"line":18,"column":22}},"8":{"start":{"line":19,"column":2},"end":{"line":23,"column":15}},"9":{"start":{"line":22,"column":17},"end":{"line":22,"column":61}},"10":{"start":{"line":17,"column":13},"end":{"line":17,"column":27}},"11":{"start":{"line":29,"column":30},"end":{"line":41,"column":1}},"12":{"start":{"line":30,"column":20},"end":{"line":30,"column":46}},"13":{"start":{"line":31,"column":2},"end":{"line":36,"column":3}},"14":{"start":{"line":32,"column":4},"end":{"line":35,"column":6}},"15":{"start":{"line":37,"column":2},"end":{"line":40,"column":4}},"16":{"start":{"line":29,"column":13},"end":{"line":29,"column":30}},"17":{"start":{"line":47,"column":43},"end":{"line":71,"column":1}},"18":{"start":{"line":49,"column":2},"end":{"line":54,"column":3}},"19":{"start":{"line":50,"column":4},"end":{"line":53,"column":6}},"20":{"start":{"line":57,"column":2},"end":{"line":64,"column":3}},"21":{"start":{"line":58,"column":28},"end":{"line":58,"column":55}},"22":{"start":{"line":59,"column":4},"end":{"line":63,"column":6}},"23":{"start":{"line":67,"column":2},"end":{"line":70,"column":4}},"24":{"start":{"line":47,"column":13},"end":{"line":47,"column":43}}},"fnMap":{"0":{"name":"(anonymous_0)","decl":{"start":{"line":6,"column":32},"end":{"line":6,"column":33}},"loc":{"start":{"line":6,"column":59},"end":{"line":12,"column":1}}},"1":{"name":"(anonymous_1)","decl":{"start":{"line":17,"column":27},"end":{"line":17,"column":28}},"loc":{"start":{"line":17,"column":51},"end":{"line":24,"column":1}}},"2":{"name":"(anonymous_2)","decl":{"start":{"line":22,"column":9},"end":{"line":22,"column":13}},"loc":{"start":{"line":22,"column":17},"end":{"line":22,"column":61}}},"3":{"name":"(anonymous_3)","decl":{"start":{"line":29,"column":30},"end":{"line":29,"column":31}},"loc":{"start":{"line":29,"column":84},"end":{"line":41,"column":1}}},"4":{"name":"(anonymous_4)","decl":{"start":{"line":47,"column":43},"end":{"line":47,"column":44}},"loc":{"start":{"line":47,"column":70},"end":{"line":71,"column":1}}}},"branchMap":{"0":{"loc":{"start":{"line":7,"column":2},"end":{"line":9,"column":3}},"type":"if","locations":[{"start":{"line":7,"column":2},"end":{"line":9,"column":3}}]},"1":{"loc":{"start":{"line":7,"column":6},"end":{"line":7,"column":35}},"type":"binary-expr","locations":[{"start":{"line":7,"column":6},"end":{"line":7,"column":19}},{"start":{"line":7,"column":23},"end":{"line":7,"column":35}}]},"2":{"loc":{"start":{"line":8,"column":11},"end":{"line":8,"column":28}},"type":"binary-expr","locations":[{"start":{"line":8,"column":11},"end":{"line":8,"column":22}},{"start":{"line":8,"column":26},"end":{"line":8,"column":28}}]},"3":{"loc":{"start":{"line":18,"column":2},"end":{"line":18,"column":22}},"type":"if","locations":[{"start":{"line":18,"column":2},"end":{"line":18,"column":22}}]},"4":{"loc":{"start":{"line":31,"column":2},"end":{"line":36,"column":3}},"type":"if","locations":[{"start":{"line":31,"column":2},"end":{"line":36,"column":3}}]},"5":{"loc":{"start":{"line":49,"column":2},"end":{"line":54,"column":3}},"type":"if","locations":[{"start":{"line":49,"column":2},"end":{"line":54,"column":3}}]},"6":{"loc":{"start":{"line":49,"column":6},"end":{"line":49,"column":51}},"type":"binary-expr","locations":[{"start":{"line":49,"column":6},"end":{"line":49,"column":18}},{"start":{"line":49,"column":23},"end":{"line":49,"column":35}},{"start":{"line":49,"column":39},"end":{"line":49,"column":50}}]},"7":{"loc":{"start":{"line":57,"column":2},"end":{"line":64,"column":3}},"type":"if","locations":[{"start":{"line":57,"column":2},"end":{"line":64,"column":3}}]},"8":{"loc":{"start":{"line":57,"column":6},"end":{"line":57,"column":52}},"type":"binary-expr","locations":[{"start":{"line":57,"column":6},"end":{"line":57,"column":17}},{"start":{"line":57,"column":22},"end":{"line":57,"column":35}},{"start":{"line":57,"column":39},"end":{"line":57,"column":51}}]},"9":{"loc":{"start":{"line":69,"column":10},"end":{"line":69,"column":64}},"type":"binary-expr","locations":[{"start":{"line":69,"column":10},"end":{"line":69,"column":49}},{"start":{"line":69,"column":53},"end":{"line":69,"column":64}}]}},"s":{"0":2,"1":3,"2":1,"3":2,"4":2,"5":2,"6":5,"7":2,"8":3,"9":7,"10":2,"11":2,"12":5,"13":5,"14":3,"15":2,"16":2,"17":2,"18":3,"19":1,"20":2,"21":1,"22":1,"23":1,"24":2},"f":{"0":3,"1":5,"2":7,"3":5,"4":3},"b":{"0":[1],"1":[3,1],"2":[1,0],"3":[2],"4":[3],"5":[1],"6":[3,1,0],"7":[1],"8":[2,2,1],"9":[1,0]}}
}
