{"/Users/jamesheffernan/Documents/GitHub/mgt-scorekeeper/src/calcEngine/ghostScoreGenerator.ts": {"path":"/Users/jamesheffernan/Documents/GitHub/mgt-scorekeeper/src/calcEngine/ghostScoreGenerator.ts","statementMap":{"0":{"start":{"line":22,"column":0},"end":{"line":22,"column":16}},"1":{"start":{"line":5,"column":14},"end":{"line":5,"column":18}},"2":{"start":{"line":6,"column":2},"end":{"line":9,"column":4}},"3":{"start":{"line":7,"column":4},"end":{"line":7,"column":44}},"4":{"start":{"line":8,"column":4},"end":{"line":8,"column":26}},"5":{"start":{"line":14,"column":10},"end":{"line":14,"column":11}},"6":{"start":{"line":14,"column":17},"end":{"line":14,"column":18}},"7":{"start":{"line":15,"column":2},"end":{"line":15,"column":28}},"8":{"start":{"line":15,"column":18},"end":{"line":15,"column":28}},"9":{"start":{"line":16,"column":2},"end":{"line":16,"column":28}},"10":{"start":{"line":16,"column":18},"end":{"line":16,"column":28}},"11":{"start":{"line":17,"column":12},"end":{"line":17,"column":71}},"12":{"start":{"line":18,"column":2},"end":{"line":18,"column":27}},"13":{"start":{"line":30,"column":14},"end":{"line":30,"column":32}},"14":{"start":{"line":31,"column":27},"end":{"line":31,"column":29}},"15":{"start":{"line":32,"column":12},"end":{"line":32,"column":17}},"16":{"start":{"line":33,"column":16},"end":{"line":33,"column":28}},"17":{"start":{"line":35,"column":17},"end":{"line":35,"column":44}},"18":{"start":{"line":36,"column":23},"end":{"line":36,"column":33}},"19":{"start":{"line":38,"column":18},"end":{"line":38,"column":72}},"20":{"start":{"line":38,"column":33},"end":{"line":38,"column":71}},"21":{"start":{"line":39,"column":22},"end":{"line":39,"column":56}},"22":{"start":{"line":39,"column":47},"end":{"line":39,"column":52}},"23":{"start":{"line":40,"column":2},"end":{"line":62,"column":3}},"24":{"start":{"line":40,"column":15},"end":{"line":40,"column":16}},"25":{"start":{"line":41,"column":17},"end":{"line":41,"column":25}},"26":{"start":{"line":42,"column":16},"end":{"line":42,"column":24}},"27":{"start":{"line":43,"column":15},"end":{"line":43,"column":31}},"28":{"start":{"line":44,"column":19},"end":{"line":44,"column":29}},"29":{"start":{"line":46,"column":19},"end":{"line":46,"column":56}},"30":{"start":{"line":48,"column":4},"end":{"line":48,"column":50}},"31":{"start":{"line":48,"column":17},"end":{"line":48,"column":50}},"32":{"start":{"line":49,"column":4},"end":{"line":49,"column":65}},"33":{"start":{"line":49,"column":32},"end":{"line":49,"column":65}},"34":{"start":{"line":52,"column":15},"end":{"line":52,"column":29}},"35":{"start":{"line":54,"column":16},"end":{"line":54,"column":41}},"36":{"start":{"line":55,"column":4},"end":{"line":56,"column":36}},"37":{"start":{"line":55,"column":17},"end":{"line":55,"column":30}},"38":{"start":{"line":56,"column":9},"end":{"line":56,"column":36}},"39":{"start":{"line":56,"column":23},"end":{"line":56,"column":36}},"40":{"start":{"line":58,"column":16},"end":{"line":58,"column":56}},"41":{"start":{"line":59,"column":4},"end":{"line":59,"column":37}},"42":{"start":{"line":60,"column":4},"end":{"line":60,"column":37}},"43":{"start":{"line":61,"column":4},"end":{"line":61,"column":23}},"44":{"start":{"line":63,"column":2},"end":{"line":63,"column":16}}},"fnMap":{"0":{"name":"seededRandom","decl":{"start":{"line":4,"column":9},"end":{"line":4,"column":21}},"loc":{"start":{"line":4,"column":34},"end":{"line":10,"column":1}}},"1":{"name":"(anonymous_1)","decl":{"start":{"line":6,"column":9},"end":{"line":6,"column":12}},"loc":{"start":{"line":6,"column":14},"end":{"line":9,"column":3}}},"2":{"name":"randomNormal","decl":{"start":{"line":13,"column":9},"end":{"line":13,"column":21}},"loc":{"start":{"line":13,"column":69},"end":{"line":19,"column":1}}},"3":{"name":"generateGhostScores","decl":{"start":{"line":22,"column":16},"end":{"line":22,"column":35}},"loc":{"start":{"line":25,"column":19},"end":{"line":64,"column":1}}},"4":{"name":"(anonymous_4)","decl":{"start":{"line":38,"column":28},"end":{"line":38,"column":29}},"loc":{"start":{"line":38,"column":33},"end":{"line":38,"column":71}}},"5":{"name":"(anonymous_5)","decl":{"start":{"line":39,"column":37},"end":{"line":39,"column":38}},"loc":{"start":{"line":39,"column":47},"end":{"line":39,"column":52}}}},"branchMap":{"0":{"loc":{"start":{"line":25,"column":2},"end":{"line":25,"column":19}},"type":"default-arg","locations":[{"start":{"line":25,"column":17},"end":{"line":25,"column":19}}]},"1":{"loc":{"start":{"line":35,"column":17},"end":{"line":35,"column":44}},"type":"cond-expr","locations":[{"start":{"line":35,"column":27},"end":{"line":35,"column":28}},{"start":{"line":35,"column":31},"end":{"line":35,"column":44}}]},"2":{"loc":{"start":{"line":35,"column":31},"end":{"line":35,"column":44}},"type":"cond-expr","locations":[{"start":{"line":35,"column":39},"end":{"line":35,"column":40}},{"start":{"line":35,"column":43},"end":{"line":35,"column":44}}]},"3":{"loc":{"start":{"line":48,"column":4},"end":{"line":48,"column":50}},"type":"if","locations":[{"start":{"line":48,"column":4},"end":{"line":48,"column":50}}]},"4":{"loc":{"start":{"line":49,"column":4},"end":{"line":49,"column":65}},"type":"if","locations":[{"start":{"line":49,"column":4},"end":{"line":49,"column":65}}]},"5":{"loc":{"start":{"line":49,"column":8},"end":{"line":49,"column":30}},"type":"binary-expr","locations":[{"start":{"line":49,"column":8},"end":{"line":49,"column":14}},{"start":{"line":49,"column":18},"end":{"line":49,"column":30}}]},"6":{"loc":{"start":{"line":55,"column":4},"end":{"line":56,"column":36}},"type":"if","locations":[{"start":{"line":55,"column":4},"end":{"line":56,"column":36}},{"start":{"line":56,"column":9},"end":{"line":56,"column":36}}]},"7":{"loc":{"start":{"line":56,"column":9},"end":{"line":56,"column":36}},"type":"if","locations":[{"start":{"line":56,"column":9},"end":{"line":56,"column":36}}]}},"s":{"0":1,"1":1007,"2":1007,"3":36252,"4":36252,"5":18126,"6":18126,"7":18126,"8":18126,"9":18126,"10":18126,"11":18126,"12":18126,"13":1007,"14":1007,"15":1007,"16":1007,"17":1007,"18":1007,"19":1007,"20":18126,"21":1007,"22":18126,"23":1007,"24":1007,"25":18126,"26":18126,"27":18126,"28":18126,"29":18126,"30":18126,"31":10095,"32":18126,"33":9,"34":18126,"35":18126,"36":18126,"37":6042,"38":12084,"39":6042,"40":18126,"41":18126,"42":18126,"43":18126,"44":1007},"f":{"0":1007,"1":36252,"2":18126,"3":1007,"4":18126,"5":18126},"b":{"0":[0],"1":[4,1003],"2":[1003,0],"3":[10095],"4":[9],"5":[18126,36],"6":[6042,12084],"7":[6042]}}
}
