TN:
SF:src/calcEngine/baseCalculator.ts
FN:24,getInitialDoublingState
FN:41,calculateBase
FN:71,callDouble
FN:109,advanceToNextHole
FNF:4
FNH:4
FNDA:1,getInitialDoublingState
FNDA:31,calculateBase
FNDA:5,callDouble
FNDA:11,advanceToNextHole
DA:24,4
DA:25,1
DA:41,4
DA:42,31
DA:45,31
DA:46,1
DA:47,1
DA:51,30
DA:53,7
DA:54,7
DA:55,7
DA:59,23
DA:60,23
DA:61,23
DA:71,4
DA:76,5
DA:77,1
DA:81,4
DA:86,1
DA:90,3
DA:91,3
DA:93,3
DA:109,4
DA:114,11
DA:117,11
DA:118,11
DA:120,11
DA:122,3
DA:125,8
DA:129,11
DA:131,11
LF:31
LH:31
BRDA:45,0,0,1
BRDA:51,1,0,7
BRDA:53,2,0,3
BRDA:53,2,1,4
BRDA:76,3,0,1
BRDA:81,4,0,1
BRDA:82,5,0,4
BRDA:82,5,1,3
BRDA:82,5,2,3
BRDA:82,5,3,1
BRDA:82,5,4,3
BRDA:112,6,0,10
BRDA:120,7,0,3
BRDA:120,7,1,8
BRF:14
BRH:14
end_of_record
TN:
SF:src/calcEngine/bigGameCalculator.ts
FN:26,calculateBigGameRow
FN:36,(anonymous_1)
FN:57,calculateBigGameTotal
FN:58,(anonymous_3)
FN:68,findBestScoreIndexes
FN:74,(anonymous_5)
FN:77,(anonymous_6)
FNF:7
FNH:0
FNDA:0,calculateBigGameRow
FNDA:0,(anonymous_1)
FNDA:0,calculateBigGameTotal
FNDA:0,(anonymous_3)
FNDA:0,findBestScoreIndexes
FNDA:0,(anonymous_5)
FNDA:0,(anonymous_6)
DA:26,3
DA:31,0
DA:32,0
DA:36,0
DA:39,0
DA:42,0
DA:44,0
DA:57,3
DA:58,0
DA:68,3
DA:69,0
DA:70,0
DA:74,0
DA:77,0
DA:80,0
LF:15
LH:3
BRDA:31,0,0,0
BRDA:69,1,0,0
BRF:2
BRH:0
end_of_record
TN:
SF:src/calcEngine/junkCalculator.ts
FN:43,detectBirdie
FN:75,detectSandie
FN:107,detectGreenie
FN:139,detectPenalty
FN:168,detectLD10
FN:198,evaluateJunkEvents
FNF:6
FNH:0
FNDA:0,detectBirdie
FNDA:0,detectSandie
FNDA:0,detectGreenie
FNDA:0,detectPenalty
FNDA:0,detectLD10
FNDA:0,evaluateJunkEvents
DA:43,3
DA:51,0
DA:52,0
DA:60,0
DA:75,3
DA:84,0
DA:85,0
DA:93,0
DA:107,3
DA:116,0
DA:117,0
DA:125,0
DA:139,3
DA:147,0
DA:148,0
DA:156,0
DA:168,3
DA:174,0
DA:175,0
DA:183,0
DA:198,3
DA:207,0
DA:208,0
DA:210,0
DA:213,0
DA:214,0
DA:215,0
DA:216,0
DA:220,0
DA:221,0
DA:222,0
DA:223,0
DA:224,0
DA:229,0
DA:230,0
DA:231,0
DA:232,0
DA:233,0
DA:234,0
DA:236,0
DA:237,0
DA:239,0
DA:243,0
DA:244,0
DA:245,0
DA:246,0
DA:247,0
DA:252,0
DA:253,0
DA:254,0
DA:255,0
DA:256,0
DA:260,0
LF:53
LH:6
BRDA:51,0,0,0
BRDA:84,1,0,0
BRDA:84,2,0,0
BRDA:84,2,1,0
BRDA:116,3,0,0
BRDA:116,4,0,0
BRDA:116,4,1,0
BRDA:147,5,0,0
BRDA:147,6,0,0
BRDA:147,6,1,0
BRDA:147,6,2,0
BRDA:174,7,0,0
BRDA:174,8,0,0
BRDA:174,8,1,0
BRDA:214,9,0,0
BRDA:220,10,0,0
BRDA:222,11,0,0
BRDA:229,12,0,0
BRDA:229,12,1,0
BRDA:229,13,0,0
BRDA:229,13,1,0
BRDA:232,14,0,0
BRDA:236,15,0,0
BRDA:236,15,1,0
BRDA:243,16,0,0
BRDA:245,17,0,0
BRDA:252,18,0,0
BRDA:254,19,0,0
BRF:28
BRH:0
end_of_record
TN:
SF:src/calcEngine/payoutCalculator.ts
FN:17,calculateHolePayout
FN:51,calculatePlayerPayouts
FN:58,(anonymous_2)
FN:61,(anonymous_3)
FN:62,(anonymous_4)
FN:64,(anonymous_5)
FN:81,updateRunningTotals
FN:93,(anonymous_7)
FNF:8
FNH:8
FNDA:8,calculateHolePayout
FNDA:4,calculatePlayerPayouts
FNDA:4,(anonymous_2)
FNDA:13,(anonymous_3)
FNDA:13,(anonymous_4)
FNDA:13,(anonymous_5)
FNDA:2,updateRunningTotals
FNDA:4,(anonymous_7)
DA:17,4
DA:22,8
DA:24,8
DA:26,4
DA:27,4
DA:28,4
DA:34,4
DA:35,4
DA:36,4
DA:51,4
DA:57,4
DA:58,4
DA:61,13
DA:62,13
DA:64,3
DA:65,13
DA:66,7
DA:69,6
DA:81,4
DA:85,2
DA:86,1
DA:89,1
DA:90,1
DA:91,1
DA:93,1
DA:94,4
DA:95,4
DA:96,4
DA:99,1
DA:100,1
LF:30
LH:30
BRDA:20,0,0,0
BRDA:24,1,0,4
BRDA:24,1,1,4
BRDA:57,2,0,1
BRDA:61,3,0,3
BRDA:61,3,1,0
BRDA:62,4,0,3
BRDA:62,4,1,0
BRDA:62,5,0,13
BRDA:62,5,1,6
BRDA:65,6,0,7
BRDA:65,6,1,6
BRDA:69,7,0,6
BRDA:69,7,1,0
BRDA:85,8,0,1
BRF:15
BRH:11
end_of_record
TN:
SF:src/calcEngine/strokeAllocator.ts
FN:17,allocateStrokes
FN:28,(anonymous_1)
FN:41,(anonymous_2)
FN:84,allocateStrokesMultiTee
FN:95,(anonymous_4)
FN:108,(anonymous_5)
FN:131,(anonymous_6)
FN:160,hasStroke
FN:176,getStrokes
FN:191,findHolesBySI
FN:193,(anonymous_10)
FN:196,(anonymous_11)
FN:199,(anonymous_12)
FNF:13
FNH:11
FNDA:3,allocateStrokes
FNDA:10,(anonymous_1)
FNDA:10,(anonymous_2)
FNDA:3,allocateStrokesMultiTee
FNDA:10,(anonymous_4)
FNDA:10,(anonymous_5)
FNDA:126,(anonymous_6)
FNDA:0,hasStroke
FNDA:0,getStrokes
FNDA:10,findHolesBySI
FNDA:180,(anonymous_10)
FNDA:548,(anonymous_11)
FNDA:180,(anonymous_12)
DA:17,4
DA:23,3
DA:28,10
DA:31,3
DA:32,3
DA:33,3
DA:34,3
DA:35,3
DA:39,3
DA:41,10
DA:44,3
DA:47,3
DA:48,10
DA:51,10
DA:54,10
DA:57,4
DA:59,29
DA:60,29
DA:63,29
DA:67,29
DA:71,3
DA:84,4
DA:90,3
DA:95,10
DA:98,3
DA:99,3
DA:100,3
DA:101,3
DA:102,3
DA:106,3
DA:108,10
DA:111,3
DA:112,10
DA:115,10
DA:118,10
DA:121,7
DA:122,7
DA:123,0
DA:124,0
DA:127,7
DA:130,7
DA:131,126
DA:135,7
DA:137,38
DA:138,38
DA:141,38
DA:145,38
DA:149,3
DA:160,4
DA:165,0
DA:176,4
DA:181,0
DA:193,180
DA:196,548
DA:199,180
LF:55
LH:51
BRDA:23,0,0,0
BRDA:23,0,1,3
BRDA:54,1,0,6
BRDA:90,2,0,0
BRDA:90,2,1,3
BRDA:118,3,0,3
BRDA:122,4,0,0
BRDA:122,5,0,7
BRDA:122,5,1,7
BRF:9
BRH:6
end_of_record
TN:
SF:src/components/auth/LogIn.tsx
FN:6,(anonymous_9)
FN:16,(anonymous_10)
FN:39,(anonymous_11)
FN:68,(anonymous_12)
FN:82,(anonymous_13)
FNF:5
FNH:5
FNDA:8,(anonymous_9)
FNDA:2,(anonymous_10)
FNDA:2,(anonymous_11)
FNDA:1,(anonymous_12)
FNDA:1,(anonymous_13)
DA:1,1
DA:2,1
DA:3,1
DA:4,1
DA:6,1
DA:7,8
DA:8,8
DA:9,8
DA:13,8
DA:14,8
DA:16,8
DA:17,2
DA:18,2
DA:21,2
DA:22,1
DA:23,1
DA:24,1
DA:25,0
DA:26,0
DA:30,2
DA:31,1
DA:32,1
DA:35,2
DA:36,2
DA:39,8
DA:40,2
DA:42,2
DA:43,1
DA:44,1
DA:45,1
DA:47,0
DA:51,0
DA:56,8
DA:68,1
DA:82,1
DA:113,1
LF:36
LH:32
BRDA:21,0,0,1
BRDA:21,0,1,1
BRDA:24,1,0,0
BRDA:30,2,0,1
BRDA:42,3,0,1
BRDA:45,4,0,0
BRDA:71,5,0,8
BRDA:71,5,1,1
BRDA:85,6,0,8
BRDA:85,6,1,1
BRDA:90,7,0,8
BRDA:90,7,1,0
BRDA:92,8,0,0
BRDA:92,8,1,0
BRDA:101,9,0,0
BRDA:101,9,1,8
BRF:16
BRH:10
end_of_record
TN:
SF:src/components/auth/SignUp.tsx
FN:6,(anonymous_9)
FN:16,(anonymous_10)
FN:42,(anonymous_11)
FN:71,(anonymous_12)
FN:85,(anonymous_13)
FNF:5
FNH:5
FNDA:8,(anonymous_9)
FNDA:2,(anonymous_10)
FNDA:2,(anonymous_11)
FNDA:1,(anonymous_12)
FNDA:1,(anonymous_13)
DA:1,1
DA:2,1
DA:3,1
DA:4,1
DA:6,1
DA:7,8
DA:8,8
DA:9,8
DA:13,8
DA:14,8
DA:16,8
DA:17,2
DA:18,2
DA:21,2
DA:22,1
DA:23,1
DA:24,1
DA:25,0
DA:26,0
DA:30,2
DA:31,1
DA:32,1
DA:33,1
DA:34,0
DA:35,0
DA:38,2
DA:39,2
DA:42,8
DA:43,2
DA:45,2
DA:46,1
DA:47,1
DA:48,1
DA:50,0
DA:54,0
DA:59,8
DA:71,1
DA:85,1
DA:116,1
LF:39
LH:33
BRDA:21,0,0,1
BRDA:21,0,1,1
BRDA:24,1,0,0
BRDA:30,2,0,1
BRDA:30,2,1,1
BRDA:33,3,0,0
BRDA:45,4,0,1
BRDA:48,5,0,0
BRDA:74,6,0,8
BRDA:74,6,1,1
BRDA:88,7,0,8
BRDA:88,7,1,1
BRDA:93,8,0,8
BRDA:93,8,1,0
BRDA:95,9,0,0
BRDA:95,9,1,0
BRDA:104,10,0,0
BRDA:104,10,1,8
BRF:18
BRH:11
end_of_record
TN:
SF:src/components/ledger/ExportButton.tsx
FN:5,(anonymous_1)
FN:6,(anonymous_2)
FN:7,(anonymous_3)
FN:8,(anonymous_4)
FN:9,(anonymous_5)
FN:10,(anonymous_6)
FN:11,(anonymous_7)
FN:12,(anonymous_8)
FN:14,(anonymous_9)
FN:20,(anonymous_10)
FN:23,(anonymous_11)
FN:26,(anonymous_12)
FN:33,(anonymous_13)
FN:34,(anonymous_14)
FN:35,(anonymous_15)
FN:37,(anonymous_16)
FN:38,(anonymous_17)
FN:39,(anonymous_18)
FN:50,(anonymous_19)
FN:51,(anonymous_20)
FN:52,(anonymous_21)
FN:56,(anonymous_22)
FN:57,(anonymous_23)
FN:57,(anonymous_24)
FN:58,(anonymous_25)
FN:58,(anonymous_26)
FN:62,(anonymous_27)
FN:63,(anonymous_28)
FN:65,(anonymous_29)
FN:66,(anonymous_30)
FN:68,(anonymous_31)
FN:77,(anonymous_32)
FN:78,(anonymous_33)
FN:79,(anonymous_34)
FN:81,(anonymous_35)
FN:81,(anonymous_36)
FN:82,(anonymous_37)
FN:82,(anonymous_38)
FN:94,(anonymous_39)
FN:102,(anonymous_40)
FN:110,(anonymous_41)
FNF:41
FNH:0
FNDA:0,(anonymous_1)
FNDA:0,(anonymous_2)
FNDA:0,(anonymous_3)
FNDA:0,(anonymous_4)
FNDA:0,(anonymous_5)
FNDA:0,(anonymous_6)
FNDA:0,(anonymous_7)
FNDA:0,(anonymous_8)
FNDA:0,(anonymous_9)
FNDA:0,(anonymous_10)
FNDA:0,(anonymous_11)
FNDA:0,(anonymous_12)
FNDA:0,(anonymous_13)
FNDA:0,(anonymous_14)
FNDA:0,(anonymous_15)
FNDA:0,(anonymous_16)
FNDA:0,(anonymous_17)
FNDA:0,(anonymous_18)
FNDA:0,(anonymous_19)
FNDA:0,(anonymous_20)
FNDA:0,(anonymous_21)
FNDA:0,(anonymous_22)
FNDA:0,(anonymous_23)
FNDA:0,(anonymous_24)
FNDA:0,(anonymous_25)
FNDA:0,(anonymous_26)
FNDA:0,(anonymous_27)
FNDA:0,(anonymous_28)
FNDA:0,(anonymous_29)
FNDA:0,(anonymous_30)
FNDA:0,(anonymous_31)
FNDA:0,(anonymous_32)
FNDA:0,(anonymous_33)
FNDA:0,(anonymous_34)
FNDA:0,(anonymous_35)
FNDA:0,(anonymous_36)
FNDA:0,(anonymous_37)
FNDA:0,(anonymous_38)
FNDA:0,(anonymous_39)
FNDA:0,(anonymous_40)
FNDA:0,(anonymous_41)
DA:1,1
DA:2,1
DA:3,1
DA:5,1
DA:6,0
DA:7,0
DA:8,0
DA:9,0
DA:10,0
DA:11,0
DA:12,0
DA:14,0
DA:15,0
DA:18,0
DA:19,0
DA:20,0
DA:21,0
DA:23,0
DA:24,0
DA:26,0
DA:27,0
DA:29,0
DA:30,0
DA:31,0
DA:32,0
DA:33,0
DA:34,0
DA:35,0
DA:37,0
DA:38,0
DA:39,0
DA:41,0
DA:45,0
DA:48,0
DA:49,0
DA:50,0
DA:51,0
DA:52,0
DA:53,0
DA:54,0
DA:55,0
DA:56,0
DA:57,0
DA:58,0
DA:59,0
DA:60,0
DA:61,0
DA:62,0
DA:63,0
DA:65,0
DA:66,0
DA:68,0
DA:69,0
DA:70,0
DA:71,0
DA:74,0
DA:75,0
DA:76,0
DA:77,0
DA:78,0
DA:79,0
DA:81,0
DA:82,0
DA:83,0
DA:85,0
DA:86,0
DA:89,0
DA:92,0
DA:93,0
DA:94,0
DA:95,0
DA:96,0
DA:97,0
DA:98,0
DA:99,0
DA:100,0
DA:101,0
DA:102,0
DA:103,0
DA:106,0
DA:107,0
DA:108,0
DA:109,0
DA:110,0
DA:111,0
DA:114,0
DA:118,0
DA:119,0
DA:120,0
DA:121,0
DA:122,0
DA:123,0
DA:124,0
DA:125,0
DA:126,0
DA:129,0
DA:132,1
LF:97
LH:5
BRDA:31,0,0,0
BRDA:31,0,1,0
BRDA:31,1,0,0
BRDA:31,1,1,0
BRDA:32,2,0,0
BRDA:32,2,1,0
BRDA:54,3,0,0
BRDA:57,4,0,0
BRDA:57,4,1,0
BRDA:58,5,0,0
BRDA:58,5,1,0
BRDA:59,6,0,0
BRDA:59,6,1,0
BRDA:61,7,0,0
BRDA:61,7,1,0
BRDA:70,8,0,0
BRDA:70,9,0,0
BRDA:70,9,1,0
BRDA:75,10,0,0
BRDA:85,11,0,0
BRDA:96,12,0,0
BRDA:100,13,0,0
BRDA:101,14,0,0
BRF:23
BRH:0
end_of_record
TN:
SF:src/components/ledger/PaperTrailDrawer.tsx
FN:4,(anonymous_1)
FN:5,(anonymous_2)
FN:6,(anonymous_3)
FN:7,(anonymous_4)
FN:8,(anonymous_5)
FN:9,(anonymous_6)
FN:10,(anonymous_7)
FN:11,(anonymous_8)
FN:43,(anonymous_9)
FN:67,(anonymous_10)
FNF:10
FNH:9
FNDA:1,(anonymous_1)
FNDA:1,(anonymous_2)
FNDA:1,(anonymous_3)
FNDA:1,(anonymous_4)
FNDA:1,(anonymous_5)
FNDA:1,(anonymous_6)
FNDA:1,(anonymous_7)
FNDA:1,(anonymous_8)
FNDA:0,(anonymous_9)
FNDA:2,(anonymous_10)
DA:1,1
DA:2,1
DA:4,1
DA:5,1
DA:6,1
DA:7,1
DA:8,1
DA:9,1
DA:10,1
DA:11,1
DA:13,1
DA:14,1
DA:15,1
DA:19,1
DA:36,1
DA:44,0
DA:68,2
DA:85,1
LF:18
LH:17
BRDA:14,0,0,1
BRDA:14,1,0,1
BRDA:14,1,1,1
BRDA:14,1,2,1
BRDA:36,2,0,1
BRDA:36,2,1,0
BRDA:44,3,0,0
BRDA:55,4,0,1
BRDA:55,4,1,0
BRDA:56,5,0,1
BRDA:56,5,1,0
BRDA:61,6,0,1
BRDA:61,6,1,1
BRDA:64,7,0,1
BRDA:64,7,1,1
BRF:15
BRH:11
end_of_record
TN:
SF:src/components/setup/AddPlayerForm.tsx
FN:10,(anonymous_9)
FN:17,(anonymous_10)
FN:30,(anonymous_11)
FN:73,(anonymous_12)
FN:84,(anonymous_13)
FN:95,(anonymous_14)
FN:106,(anonymous_15)
FNF:7
FNH:0
FNDA:0,(anonymous_9)
FNDA:0,(anonymous_10)
FNDA:0,(anonymous_11)
FNDA:0,(anonymous_12)
FNDA:0,(anonymous_13)
FNDA:0,(anonymous_14)
FNDA:0,(anonymous_15)
DA:1,1
DA:2,1
DA:10,1
DA:11,0
DA:12,0
DA:13,0
DA:14,0
DA:17,0
DA:18,0
DA:19,0
DA:20,0
DA:21,0
DA:22,0
DA:26,0
DA:27,0
DA:30,0
DA:31,0
DA:32,0
DA:33,0
DA:34,0
DA:35,0
DA:36,0
DA:37,0
DA:40,0
DA:41,0
DA:42,0
DA:45,0
DA:46,0
DA:47,0
DA:48,0
DA:50,0
DA:51,0
DA:52,0
DA:55,0
DA:56,0
DA:57,0
DA:58,0
DA:59,0
DA:60,0
DA:63,0
DA:64,0
DA:66,0
DA:67,0
DA:71,0
DA:73,0
DA:84,0
DA:95,0
DA:106,0
DA:125,1
LF:49
LH:4
BRDA:18,0,0,0
BRDA:26,1,0,0
BRDA:32,2,0,0
BRDA:32,3,0,0
BRDA:32,3,1,0
BRDA:35,4,0,0
BRDA:35,5,0,0
BRDA:35,5,1,0
BRDA:40,6,0,0
BRDA:46,7,0,0
BRDA:50,8,0,0
BRDA:50,9,0,0
BRDA:50,9,1,0
BRDA:58,10,0,0
BRDA:76,11,0,0
BRDA:76,11,1,0
BRF:16
BRH:0
end_of_record
TN:
SF:src/components/setup/PlayerRow.tsx
FN:15,(anonymous_1)
FN:29,(anonymous_2)
FN:31,(anonymous_3)
FN:47,(anonymous_4)
FN:51,(anonymous_5)
FN:69,(anonymous_6)
FN:78,(anonymous_7)
FNF:7
FNH:3
FNDA:16,(anonymous_1)
FNDA:16,(anonymous_2)
FNDA:0,(anonymous_3)
FNDA:3,(anonymous_4)
FNDA:0,(anonymous_5)
FNDA:0,(anonymous_6)
FNDA:0,(anonymous_7)
DA:1,1
DA:4,1
DA:15,1
DA:17,16
DA:18,16
DA:21,0
DA:22,0
DA:23,0
DA:26,0
DA:29,1
DA:31,16
DA:32,0
DA:34,0
DA:37,16
DA:47,3
DA:51,0
DA:69,0
DA:78,0
LF:18
LH:9
BRDA:17,0,0,16
BRDA:17,1,0,16
BRDA:17,1,1,16
BRDA:17,1,2,16
BRDA:17,1,3,16
BRDA:21,2,0,0
BRDA:21,2,1,0
BRDA:22,3,0,0
BRDA:26,4,0,0
BRDA:26,4,1,0
BRDA:34,5,0,0
BRDA:46,6,0,16
BRDA:46,6,1,0
BRDA:47,7,0,16
BRDA:47,7,1,0
BRDA:48,8,0,16
BRDA:48,8,1,0
BRDA:49,9,0,16
BRDA:49,9,1,0
BRDA:50,10,0,16
BRDA:50,10,1,0
BRDA:51,11,0,16
BRDA:51,11,1,0
BRDA:51,12,0,0
BRDA:56,13,0,16
BRDA:56,13,1,16
BRDA:56,13,2,16
BRDA:68,14,0,8
BRDA:68,14,1,8
BRDA:77,15,0,8
BRDA:77,15,1,8
BRF:31
BRH:18
end_of_record
TN:
SF:src/components/setup/PlayersScreen.tsx
FN:15,(anonymous_10)
FN:16,(anonymous_11)
FN:33,(anonymous_12)
FN:35,(anonymous_13)
FN:42,(anonymous_14)
FN:45,(anonymous_15)
FN:46,(anonymous_16)
FN:54,(anonymous_17)
FN:59,(anonymous_18)
FN:66,(anonymous_19)
FN:67,(anonymous_20)
FN:77,(anonymous_21)
FN:83,(anonymous_22)
FN:87,(anonymous_23)
FN:97,(anonymous_24)
FN:101,(anonymous_25)
FN:116,(anonymous_26)
FN:121,(anonymous_27)
FN:127,(anonymous_28)
FN:140,(anonymous_29)
FN:157,(anonymous_30)
FN:183,(anonymous_31)
FNF:22
FNH:15
FNDA:4,(anonymous_10)
FNDA:4,(anonymous_11)
FNDA:4,(anonymous_12)
FNDA:8,(anonymous_13)
FNDA:8,(anonymous_14)
FNDA:8,(anonymous_15)
FNDA:8,(anonymous_16)
FNDA:4,(anonymous_17)
FNDA:3,(anonymous_18)
FNDA:3,(anonymous_19)
FNDA:3,(anonymous_20)
FNDA:16,(anonymous_21)
FNDA:0,(anonymous_22)
FNDA:0,(anonymous_23)
FNDA:0,(anonymous_24)
FNDA:0,(anonymous_25)
FNDA:0,(anonymous_26)
FNDA:3,(anonymous_27)
FNDA:2,(anonymous_28)
FNDA:0,(anonymous_29)
FNDA:0,(anonymous_30)
FNDA:16,(anonymous_31)
DA:1,1
DA:2,1
DA:3,1
DA:4,1
DA:7,1
DA:8,1
DA:9,1
DA:10,1
DA:11,1
DA:12,1
DA:15,1
DA:16,4
DA:18,4
DA:19,4
DA:21,4
DA:22,4
DA:26,0
DA:27,0
DA:28,0
DA:33,1
DA:34,4
DA:35,4
DA:36,8
DA:37,8
DA:38,8
DA:42,1
DA:43,8
DA:45,8
DA:46,8
DA:47,8
DA:49,8
DA:50,8
DA:51,8
DA:54,8
DA:55,4
DA:59,8
DA:60,3
DA:66,8
DA:67,3
DA:68,3
DA:69,3
DA:71,0
DA:74,3
DA:77,8
DA:78,16
DA:79,8
DA:80,0
DA:83,8
DA:84,0
DA:87,8
DA:88,0
DA:89,0
DA:90,0
DA:92,0
DA:93,0
DA:97,8
DA:98,0
DA:101,8
DA:102,0
DA:103,0
DA:109,0
DA:111,0
DA:112,0
DA:116,8
DA:117,0
DA:121,8
DA:122,3
DA:123,3
DA:127,8
DA:128,2
DA:129,2
DA:130,2
DA:131,2
DA:133,0
DA:134,0
DA:135,0
DA:140,8
DA:141,0
DA:142,0
DA:144,0
DA:145,0
DA:146,0
DA:148,0
DA:149,0
DA:151,0
DA:152,0
DA:157,8
DA:158,0
DA:159,0
DA:162,8
DA:184,16
LF:91
LH:59
BRDA:18,0,0,4
BRDA:18,0,1,0
BRDA:19,1,0,4
BRDA:19,1,1,0
BRDA:21,2,0,4
BRDA:26,3,0,0
BRDA:26,3,1,0
BRDA:27,4,0,0
BRDA:27,4,1,0
BRDA:36,5,0,0
BRDA:61,6,0,3
BRDA:61,6,1,3
BRDA:61,6,2,0
BRDA:78,7,0,8
BRDA:78,8,0,16
BRDA:78,8,1,16
BRDA:79,9,0,8
BRDA:79,10,0,8
BRDA:79,10,1,8
BRDA:172,11,0,0
BRDA:172,11,1,8
BRDA:174,12,0,0
BRDA:174,12,1,8
BRDA:176,13,0,0
BRDA:176,13,1,8
BRDA:182,14,0,0
BRDA:182,14,1,8
BRDA:198,15,0,8
BRDA:198,15,1,8
BRDA:198,15,2,8
BRDA:226,16,0,8
BRDA:226,16,1,0
BRDA:234,17,0,8
BRDA:234,17,1,4
BRDA:234,17,2,4
BRF:35
BRH:22
end_of_record
TN:
SF:src/components/setup/QuickHandicapEditor.tsx
FN:12,(anonymous_9)
FN:27,(anonymous_10)
FN:40,(anonymous_11)
FN:47,(anonymous_12)
FN:64,(anonymous_13)
FN:72,(anonymous_14)
FN:99,(anonymous_15)
FN:108,(anonymous_16)
FN:131,(anonymous_17)
FNF:9
FNH:6
FNDA:8,(anonymous_9)
FNDA:2,(anonymous_10)
FNDA:0,(anonymous_11)
FNDA:2,(anonymous_12)
FNDA:0,(anonymous_13)
FNDA:2,(anonymous_14)
FNDA:1,(anonymous_15)
FNDA:1,(anonymous_16)
FNDA:0,(anonymous_17)
DA:1,1
DA:3,1
DA:12,1
DA:19,8
DA:20,8
DA:21,8
DA:22,8
DA:23,8
DA:24,8
DA:27,8
DA:28,2
DA:29,2
DA:30,0
DA:31,0
DA:32,0
DA:34,2
DA:35,2
DA:36,2
DA:40,8
DA:41,0
DA:42,0
DA:43,0
DA:47,8
DA:48,2
DA:50,2
DA:60,2
DA:64,8
DA:65,0
DA:66,0
DA:70,8
DA:72,2
DA:99,1
DA:108,1
DA:131,0
LF:34
LH:25
BRDA:19,0,0,8
BRDA:19,0,1,0
BRDA:20,1,0,8
BRDA:20,1,1,0
BRDA:22,2,0,8
BRDA:22,2,1,8
BRDA:29,3,0,0
BRDA:29,4,0,2
BRDA:29,4,1,2
BRDA:29,4,2,2
BRDA:48,5,0,0
BRDA:56,6,0,2
BRDA:56,6,1,2
BRDA:65,7,0,0
BRDA:121,8,0,0
BRDA:121,8,1,8
BRDA:123,9,0,8
BRDA:123,9,1,0
BRDA:140,10,0,8
BRDA:140,10,1,8
BRDA:152,11,0,8
BRDA:152,11,1,8
BRF:22
BRH:15
end_of_record
TN:
SF:src/components/setup/StartMatchButton.tsx
FN:6,(anonymous_1)
FN:8,(anonymous_2)
FN:9,(anonymous_3)
FN:17,(anonymous_4)
FNF:4
FNH:3
FNDA:8,(anonymous_1)
FNDA:8,(anonymous_2)
FNDA:24,(anonymous_3)
FNDA:0,(anonymous_4)
DA:1,1
DA:2,1
DA:3,1
DA:4,1
DA:6,1
DA:7,8
DA:8,8
DA:9,24
DA:12,8
DA:15,8
DA:17,0
DA:19,0
DA:22,0
DA:25,0
DA:36,1
LF:15
LH:11
BRDA:12,0,0,8
BRDA:12,0,1,0
BRDA:15,1,0,8
BRF:3
BRH:2
end_of_record
TN:
SF:src/components/setup/TopPills.tsx
FN:13,(anonymous_9)
FN:18,(anonymous_10)
FN:32,(anonymous_11)
FN:35,(anonymous_12)
FN:36,(anonymous_13)
FN:46,(anonymous_14)
FN:66,(anonymous_15)
FN:67,(anonymous_16)
FN:70,(anonymous_17)
FN:71,(anonymous_18)
FN:80,(anonymous_19)
FN:91,(anonymous_20)
FN:93,(anonymous_21)
FNF:13
FNH:7
FNDA:22,(anonymous_9)
FNDA:0,(anonymous_10)
FNDA:6,(anonymous_11)
FNDA:0,(anonymous_12)
FNDA:0,(anonymous_13)
FNDA:0,(anonymous_14)
FNDA:9,(anonymous_15)
FNDA:9,(anonymous_16)
FNDA:3,(anonymous_17)
FNDA:3,(anonymous_18)
FNDA:0,(anonymous_19)
FNDA:18,(anonymous_20)
FNDA:0,(anonymous_21)
DA:1,1
DA:2,1
DA:3,1
DA:5,1
DA:13,1
DA:18,22
DA:19,0
DA:20,0
DA:22,0
DA:23,0
DA:24,0
DA:26,0
DA:29,22
DA:30,22
DA:32,22
DA:33,6
DA:34,0
DA:35,0
DA:36,0
DA:38,6
DA:41,22
DA:43,22
DA:47,0
DA:66,1
DA:67,9
DA:68,9
DA:70,9
DA:71,3
DA:72,3
DA:73,3
DA:74,0
DA:75,0
DA:77,3
DA:78,3
DA:79,3
DA:80,3
DA:81,0
DA:83,3
DA:84,3
DA:88,3
DA:91,9
DA:92,18
DA:93,18
DA:96,9
DA:97,9
DA:99,9
LF:46
LH:33
BRDA:19,0,0,0
BRDA:19,1,0,0
BRDA:19,1,1,0
BRDA:19,1,2,0
BRDA:19,1,3,0
BRDA:22,2,0,0
BRDA:22,2,1,0
BRDA:23,3,0,0
BRDA:26,4,0,0
BRDA:26,4,1,0
BRDA:33,5,0,0
BRDA:44,6,0,0
BRDA:44,6,1,22
BRDA:55,7,0,22
BRDA:55,7,1,0
BRDA:73,8,0,0
BRF:16
BRH:2
end_of_record
TN:
SF:src/context/AuthContext.tsx
FN:19,(anonymous_9)
FN:20,(anonymous_10)
FN:21,(anonymous_11)
FN:25,(anonymous_12)
FN:31,(anonymous_13)
FN:39,(anonymous_14)
FN:42,(anonymous_15)
FN:49,(anonymous_16)
FN:58,(anonymous_17)
FN:65,(anonymous_18)
FN:73,(anonymous_19)
FN:87,(anonymous_20)
FN:94,(anonymous_21)
FN:108,(anonymous_22)
FN:122,(anonymous_23)
FNF:15
FNH:10
FNDA:0,(anonymous_9)
FNDA:0,(anonymous_10)
FNDA:0,(anonymous_11)
FNDA:19,(anonymous_12)
FNDA:19,(anonymous_13)
FNDA:6,(anonymous_14)
FNDA:5,(anonymous_15)
FNDA:0,(anonymous_16)
FNDA:6,(anonymous_17)
FNDA:11,(anonymous_18)
FNDA:0,(anonymous_19)
FNDA:3,(anonymous_20)
FNDA:1,(anonymous_21)
FNDA:2,(anonymous_22)
FNDA:1,(anonymous_23)
DA:1,1
DA:2,1
DA:3,1
DA:15,1
DA:19,0
DA:20,0
DA:25,19
DA:31,1
DA:32,19
DA:33,19
DA:34,19
DA:35,19
DA:36,19
DA:39,19
DA:40,6
DA:42,6
DA:43,5
DA:44,5
DA:45,5
DA:46,5
DA:47,5
DA:50,0
DA:51,0
DA:52,0
DA:53,0
DA:54,0
DA:58,6
DA:59,6
DA:60,6
DA:65,19
DA:66,11
DA:72,11
DA:73,3
DA:74,0
DA:75,0
DA:76,0
DA:77,0
DA:78,0
DA:79,0
DA:81,0
DA:82,0
DA:87,3
DA:88,3
DA:89,3
DA:94,19
DA:95,1
DA:96,1
DA:97,1
DA:98,1
DA:99,1
DA:101,0
DA:102,0
DA:104,1
DA:108,19
DA:109,2
DA:110,2
DA:111,2
DA:112,2
DA:113,1
DA:115,1
DA:116,1
DA:118,2
DA:122,19
DA:123,1
DA:124,1
DA:125,1
DA:126,1
DA:128,0
DA:130,1
DA:134,19
DA:144,19
LF:71
LH:53
BRDA:43,0,0,5
BRDA:44,1,0,5
BRDA:44,1,1,5
BRDA:51,2,0,0
BRDA:72,3,0,3
BRDA:72,4,0,11
BRDA:72,4,1,5
BRDA:72,4,2,3
BRDA:74,5,0,0
BRDA:74,6,0,0
BRDA:74,6,1,0
BRF:11
BRH:7
end_of_record
TN:
SF:src/db/millbrookCourseData.ts
FN:6,(anonymous_0)
FNF:1
FNH:1
FNDA:144,(anonymous_0)
DA:6,2
DA:7,144
DA:19,2
LF:3
LH:3
BRF:0
BRH:0
end_of_record
TN:
SF:src/db/millbrookDb.ts
FN:24,(anonymous_1)
FN:36,(anonymous_2)
FN:55,(anonymous_3)
FN:57,(anonymous_4)
FN:80,(anonymous_5)
FN:82,(anonymous_6)
FN:94,(anonymous_7)
FN:101,(anonymous_8)
FN:108,(anonymous_9)
FN:115,(anonymous_10)
FN:125,(anonymous_11)
FN:135,(anonymous_12)
FN:142,(anonymous_13)
FN:149,(anonymous_14)
FN:156,(anonymous_15)
FN:163,(anonymous_16)
FN:170,(anonymous_17)
FN:177,(anonymous_18)
FN:184,(anonymous_19)
FN:191,(anonymous_20)
FN:198,(anonymous_21)
FN:205,(anonymous_22)
FN:217,(anonymous_23)
FNF:23
FNH:3
FNDA:2,(anonymous_1)
FNDA:0,(anonymous_2)
FNDA:0,(anonymous_3)
FNDA:0,(anonymous_4)
FNDA:0,(anonymous_5)
FNDA:0,(anonymous_6)
FNDA:0,(anonymous_7)
FNDA:0,(anonymous_8)
FNDA:0,(anonymous_9)
FNDA:0,(anonymous_10)
FNDA:0,(anonymous_11)
FNDA:0,(anonymous_12)
FNDA:0,(anonymous_13)
FNDA:0,(anonymous_14)
FNDA:0,(anonymous_15)
FNDA:0,(anonymous_16)
FNDA:0,(anonymous_17)
FNDA:0,(anonymous_18)
FNDA:0,(anonymous_19)
FNDA:0,(anonymous_20)
FNDA:0,(anonymous_21)
FNDA:2,(anonymous_22)
FNDA:2,(anonymous_23)
DA:1,2
DA:9,2
DA:17,2
DA:18,2
DA:19,2
DA:20,2
DA:21,2
DA:22,2
DA:25,2
DA:27,2
DA:34,2
DA:38,0
DA:42,2
DA:47,2
DA:52,2
DA:57,0
DA:58,0
DA:59,0
DA:60,0
DA:61,0
DA:62,0
DA:64,0
DA:65,0
DA:70,0
DA:71,0
DA:77,2
DA:82,0
DA:83,0
DA:84,0
DA:85,0
DA:95,0
DA:102,0
DA:109,0
DA:116,0
DA:126,0
DA:136,0
DA:143,0
DA:150,0
DA:157,0
DA:164,0
DA:171,0
DA:178,0
DA:185,0
DA:192,0
DA:199,0
DA:206,2
DA:207,0
DA:208,0
DA:214,2
DA:217,2
DA:218,2
LF:51
LH:19
BRDA:58,0,0,0
BRDA:58,1,0,0
BRDA:58,1,1,0
BRDA:60,2,0,0
BRDA:60,2,1,0
BRDA:70,3,0,0
BRDA:83,4,0,0
BRDA:85,5,0,0
BRDA:85,5,1,0
BRDA:207,6,0,0
BRF:10
BRH:0
end_of_record
TN:
SF:src/store/gameStore.ts
FN:69,determineWinner
FN:76,findTrailingTeam
FN:82,(anonymous_2)
FN:83,(anonymous_3)
FN:87,(anonymous_4)
FN:90,(anonymous_5)
FN:109,(anonymous_6)
FN:125,(anonymous_7)
FN:139,(anonymous_8)
FN:148,(anonymous_9)
FN:160,calculateDurationInMinutes
FN:179,(anonymous_11)
FN:205,(anonymous_12)
FN:209,(anonymous_13)
FN:219,(anonymous_14)
FN:255,(anonymous_15)
FN:260,(anonymous_16)
FN:265,(anonymous_17)
FN:272,(anonymous_18)
FN:279,(anonymous_19)
FN:292,(anonymous_20)
FN:294,(anonymous_21)
FN:327,(anonymous_22)
FN:330,(anonymous_23)
FN:333,(anonymous_24)
FN:334,(anonymous_25)
FN:381,(anonymous_26)
FN:399,(anonymous_27)
FN:406,(anonymous_28)
FN:417,(anonymous_29)
FN:418,(anonymous_30)
FN:425,(anonymous_31)
FN:463,(anonymous_32)
FN:470,(anonymous_33)
FN:484,(anonymous_34)
FN:499,(anonymous_35)
FN:513,(anonymous_36)
FN:514,(anonymous_37)
FN:520,(anonymous_38)
FN:521,(anonymous_39)
FN:527,(anonymous_40)
FN:528,(anonymous_41)
FN:539,(anonymous_42)
FN:540,(anonymous_43)
FN:574,(anonymous_44)
FN:575,(anonymous_45)
FN:616,(anonymous_46)
FN:649,(anonymous_47)
FN:653,(anonymous_48)
FN:671,(anonymous_49)
FN:699,(anonymous_50)
FN:727,(anonymous_51)
FN:755,(anonymous_52)
FN:783,(anonymous_53)
FN:785,(anonymous_54)
FN:790,(anonymous_55)
FN:802,selectHoleSummary
FN:808,(anonymous_57)
FN:817,(anonymous_58)
FN:821,(anonymous_59)
FN:823,(anonymous_60)
FN:833,(anonymous_61)
FN:846,(anonymous_62)
FN:848,(anonymous_63)
FNF:64
FNH:13
FNDA:0,determineWinner
FNDA:0,findTrailingTeam
FNDA:0,(anonymous_2)
FNDA:0,(anonymous_3)
FNDA:0,(anonymous_4)
FNDA:0,(anonymous_5)
FNDA:4,(anonymous_6)
FNDA:3,(anonymous_7)
FNDA:72,(anonymous_8)
FNDA:0,(anonymous_9)
FNDA:0,calculateDurationInMinutes
FNDA:3,(anonymous_11)
FNDA:0,(anonymous_12)
FNDA:0,(anonymous_13)
FNDA:0,(anonymous_14)
FNDA:0,(anonymous_15)
FNDA:0,(anonymous_16)
FNDA:0,(anonymous_17)
FNDA:0,(anonymous_18)
FNDA:0,(anonymous_19)
FNDA:0,(anonymous_20)
FNDA:0,(anonymous_21)
FNDA:0,(anonymous_22)
FNDA:0,(anonymous_23)
FNDA:0,(anonymous_24)
FNDA:0,(anonymous_25)
FNDA:0,(anonymous_26)
FNDA:0,(anonymous_27)
FNDA:0,(anonymous_28)
FNDA:0,(anonymous_29)
FNDA:0,(anonymous_30)
FNDA:0,(anonymous_31)
FNDA:0,(anonymous_32)
FNDA:0,(anonymous_33)
FNDA:0,(anonymous_34)
FNDA:0,(anonymous_35)
FNDA:0,(anonymous_36)
FNDA:0,(anonymous_37)
FNDA:0,(anonymous_38)
FNDA:0,(anonymous_39)
FNDA:0,(anonymous_40)
FNDA:0,(anonymous_41)
FNDA:0,(anonymous_42)
FNDA:0,(anonymous_43)
FNDA:0,(anonymous_44)
FNDA:0,(anonymous_45)
FNDA:0,(anonymous_46)
FNDA:0,(anonymous_47)
FNDA:0,(anonymous_48)
FNDA:0,(anonymous_49)
FNDA:0,(anonymous_50)
FNDA:0,(anonymous_51)
FNDA:0,(anonymous_52)
FNDA:0,(anonymous_53)
FNDA:0,(anonymous_54)
FNDA:3,(anonymous_55)
FNDA:1,selectHoleSummary
FNDA:1,(anonymous_57)
FNDA:1,(anonymous_58)
FNDA:2,(anonymous_59)
FNDA:4,(anonymous_60)
FNDA:1,(anonymous_61)
FNDA:1,(anonymous_62)
FNDA:1,(anonymous_63)
DA:1,3
DA:2,3
DA:3,3
DA:4,3
DA:5,3
DA:6,3
DA:7,3
DA:8,3
DA:70,0
DA:71,0
DA:72,0
DA:77,0
DA:79,0
DA:82,0
DA:83,0
DA:87,0
DA:88,0
DA:90,0
DA:91,0
DA:93,0
DA:95,0
DA:96,0
DA:97,0
DA:109,3
DA:113,4
DA:114,2
DA:117,2
DA:118,2
DA:119,2
DA:120,1
DA:124,1
DA:125,1
DA:126,3
DA:130,1
DA:132,1
DA:133,4
DA:134,4
DA:136,4
DA:138,4
DA:139,4
DA:140,72
DA:141,72
DA:145,4
DA:148,0
DA:152,1
DA:154,0
DA:155,0
DA:161,0
DA:162,0
DA:163,0
DA:167,3
DA:179,3
DA:208,0
DA:209,0
DA:210,0
DA:212,0
DA:219,0
DA:243,0
DA:244,0
DA:255,0
DA:256,0
DA:260,0
DA:261,0
DA:265,0
DA:266,0
DA:273,0
DA:276,0
DA:279,0
DA:282,0
DA:285,0
DA:286,0
DA:287,0
DA:288,0
DA:289,0
DA:291,0
DA:292,0
DA:293,0
DA:294,0
DA:295,0
DA:297,0
DA:298,0
DA:299,0
DA:300,0
DA:305,0
DA:310,0
DA:312,0
DA:313,0
DA:315,0
DA:319,0
DA:320,0
DA:322,0
DA:327,0
DA:330,0
DA:333,0
DA:334,0
DA:336,0
DA:342,0
DA:350,0
DA:351,0
DA:352,0
DA:353,0
DA:354,0
DA:357,0
DA:358,0
DA:361,0
DA:362,0
DA:363,0
DA:364,0
DA:365,0
DA:368,0
DA:376,0
DA:379,0
DA:381,0
DA:383,0
DA:384,0
DA:386,0
DA:395,0
DA:396,0
DA:399,0
DA:402,0
DA:403,0
DA:406,0
DA:407,0
DA:411,0
DA:412,0
DA:414,0
DA:417,0
DA:418,0
DA:420,0
DA:421,0
DA:422,0
DA:423,0
DA:425,0
DA:426,0
DA:427,0
DA:429,0
DA:431,0
DA:432,0
DA:433,0
DA:437,0
DA:438,0
DA:439,0
DA:443,0
DA:446,0
DA:453,0
DA:455,0
DA:456,0
DA:457,0
DA:458,0
DA:463,0
DA:464,0
DA:465,0
DA:467,0
DA:468,0
DA:470,0
DA:471,0
DA:472,0
DA:473,0
DA:474,0
DA:475,0
DA:476,0
DA:480,0
DA:481,0
DA:484,0
DA:485,0
DA:486,0
DA:487,0
DA:488,0
DA:489,0
DA:491,0
DA:493,0
DA:496,0
DA:497,0
DA:499,0
DA:500,0
DA:501,0
DA:503,0
DA:504,0
DA:506,0
DA:507,0
DA:509,0
DA:510,0
DA:512,0
DA:513,0
DA:514,0
DA:517,0
DA:519,0
DA:520,0
DA:521,0
DA:522,0
DA:524,0
DA:526,0
DA:527,0
DA:528,0
DA:530,0
DA:532,0
DA:534,0
DA:537,0
DA:538,0
DA:539,0
DA:540,0
DA:543,0
DA:545,0
DA:546,0
DA:547,0
DA:548,0
DA:552,0
DA:562,0
DA:575,0
DA:576,0
DA:578,0
DA:579,0
DA:583,0
DA:593,0
DA:596,0
DA:599,0
DA:617,0
DA:618,0
DA:621,0
DA:622,0
DA:629,0
DA:633,0
DA:635,0
DA:638,0
DA:644,0
DA:649,0
DA:650,0
DA:653,0
DA:654,0
DA:658,0
DA:659,0
DA:660,0
DA:661,0
DA:662,0
DA:667,0
DA:671,0
DA:690,0
DA:692,0
DA:694,0
DA:700,0
DA:701,0
DA:704,0
DA:707,0
DA:714,0
DA:718,0
DA:720,0
DA:723,0
DA:727,0
DA:746,0
DA:748,0
DA:750,0
DA:756,0
DA:784,0
DA:785,0
DA:790,3
DA:802,3
DA:803,1
DA:804,1
DA:805,1
DA:806,1
DA:807,1
DA:808,1
DA:810,1
DA:811,1
DA:812,1
DA:813,1
DA:814,0
DA:815,0
DA:817,1
DA:818,1
DA:819,1
DA:821,1
DA:822,2
DA:823,2
DA:824,4
DA:825,2
DA:827,2
DA:829,1
DA:830,1
DA:832,1
DA:833,1
DA:835,1
DA:846,1
DA:848,1
LF:284
LH:59
BRDA:70,0,0,0
BRDA:71,1,0,0
BRDA:77,2,0,0
BRDA:88,3,0,0
BRDA:88,3,1,0
BRDA:91,4,0,0
BRDA:91,4,1,0
BRDA:95,5,0,0
BRDA:96,6,0,0
BRDA:113,7,0,2
BRDA:113,8,0,4
BRDA:113,8,1,3
BRDA:119,9,0,1
BRDA:136,10,0,4
BRDA:136,10,1,0
BRDA:136,11,0,4
BRDA:136,11,1,4
BRDA:140,12,0,72
BRDA:140,13,0,72
BRDA:140,13,1,72
BRDA:286,14,0,0
BRDA:286,15,0,0
BRDA:286,15,1,0
BRDA:286,15,2,0
BRDA:289,16,0,0
BRDA:293,17,0,0
BRDA:293,18,0,0
BRDA:293,18,1,0
BRDA:295,19,0,0
BRDA:310,20,0,0
BRDA:310,20,1,0
BRDA:312,21,0,0
BRDA:312,21,1,0
BRDA:312,22,0,0
BRDA:312,22,1,0
BRDA:319,23,0,0
BRDA:319,23,1,0
BRDA:319,24,0,0
BRDA:319,24,1,0
BRDA:327,25,0,0
BRDA:327,25,1,0
BRDA:361,26,0,0
BRDA:361,26,1,0
BRDA:362,27,0,0
BRDA:362,27,1,0
BRDA:417,28,0,0
BRDA:417,28,1,0
BRDA:418,29,0,0
BRDA:418,29,1,0
BRDA:429,30,0,0
BRDA:429,30,1,0
BRDA:455,31,0,0
BRDA:457,32,0,0
BRDA:471,33,0,0
BRDA:471,33,1,0
BRDA:474,34,0,0
BRDA:486,35,0,0
BRDA:486,35,1,0
BRDA:488,36,0,0
BRDA:488,36,1,0
BRDA:509,37,0,0
BRDA:509,37,1,0
BRDA:521,38,0,0
BRDA:521,38,1,0
BRDA:526,39,0,0
BRDA:526,39,1,0
BRDA:537,40,0,0
BRDA:537,40,1,0
BRDA:540,41,0,0
BRDA:540,41,1,0
BRDA:554,42,0,0
BRDA:554,42,1,0
BRDA:556,43,0,0
BRDA:556,43,1,0
BRDA:556,44,0,0
BRDA:556,44,1,0
BRDA:557,45,0,0
BRDA:557,45,1,0
BRDA:567,46,0,0
BRDA:567,46,1,0
BRDA:567,47,0,0
BRDA:567,47,1,0
BRDA:568,48,0,0
BRDA:568,48,1,0
BRDA:578,49,0,0
BRDA:588,50,0,0
BRDA:588,50,1,0
BRDA:610,51,0,0
BRDA:610,51,1,0
BRDA:644,52,0,0
BRDA:644,52,1,0
BRDA:650,53,0,0
BRDA:650,53,1,0
BRDA:654,54,0,0
BRDA:654,54,1,0
BRDA:659,55,0,0
BRDA:661,56,0,0
BRDA:673,57,0,0
BRDA:673,57,1,0
BRDA:674,58,0,0
BRDA:674,58,1,0
BRDA:679,59,0,0
BRDA:679,59,1,0
BRDA:681,60,0,0
BRDA:681,60,1,0
BRDA:729,61,0,0
BRDA:729,61,1,0
BRDA:730,62,0,0
BRDA:730,62,1,0
BRDA:735,63,0,0
BRDA:735,63,1,0
BRDA:737,64,0,0
BRDA:737,64,1,0
BRDA:804,65,0,0
BRDA:806,66,0,0
BRDA:806,66,1,1
BRDA:811,67,0,0
BRDA:813,68,0,1
BRDA:814,69,0,0
BRDA:818,70,0,1
BRDA:818,70,1,0
BRDA:824,71,0,2
BRDA:824,71,1,2
BRDA:825,72,0,2
BRDA:848,73,0,1
BRDA:848,73,1,0
BRF:126
BRH:17
end_of_record
TN:
SF:src/store/rosterStore.ts
FN:9,migrateLegacyTeams
FN:44,(anonymous_1)
FN:47,(anonymous_2)
FN:65,(anonymous_3)
FN:65,(anonymous_4)
FN:67,(anonymous_5)
FN:68,(anonymous_6)
FN:87,(anonymous_7)
FN:87,(anonymous_8)
FN:89,(anonymous_9)
FN:90,(anonymous_10)
FNF:11
FNH:11
FNDA:1,migrateLegacyTeams
FNDA:1,(anonymous_1)
FNDA:1,(anonymous_2)
FNDA:6,(anonymous_3)
FNDA:6,(anonymous_4)
FNDA:3,(anonymous_5)
FNDA:1,(anonymous_6)
FNDA:1,(anonymous_7)
FNDA:1,(anonymous_8)
FNDA:1,(anonymous_9)
FNDA:1,(anonymous_10)
DA:1,1
DA:2,1
DA:9,1
DA:10,1
DA:11,1
DA:14,1
DA:15,3
DA:17,2
DA:18,2
DA:21,2
DA:28,1
DA:33,1
DA:39,1
DA:44,1
DA:48,1
DA:50,1
DA:52,1
DA:53,1
DA:56,0
DA:57,0
DA:60,0
DA:61,0
DA:65,6
DA:67,6
DA:68,6
DA:71,6
DA:76,6
DA:79,6
DA:84,6
DA:87,1
DA:88,1
DA:89,1
DA:90,1
DA:94,1
DA:99,1
LF:35
LH:31
BRDA:15,0,0,2
BRDA:52,1,0,1
BRDA:52,1,1,0
BRF:3
BRH:2
end_of_record
TN:
SF:src/store/setupFlowStore.ts
FN:44,(anonymous_0)
FN:48,(anonymous_1)
FN:49,(anonymous_2)
FN:50,(anonymous_3)
FN:50,(anonymous_4)
FN:55,(anonymous_5)
FN:56,(anonymous_6)
FN:57,(anonymous_7)
FN:58,(anonymous_8)
FN:61,(anonymous_9)
FN:67,(anonymous_10)
FN:68,(anonymous_11)
FN:82,(anonymous_12)
FN:83,(anonymous_13)
FNF:14
FNH:1
FNDA:1,(anonymous_0)
FNDA:0,(anonymous_1)
FNDA:0,(anonymous_2)
FNDA:0,(anonymous_3)
FNDA:0,(anonymous_4)
FNDA:0,(anonymous_5)
FNDA:0,(anonymous_6)
FNDA:0,(anonymous_7)
FNDA:0,(anonymous_8)
FNDA:0,(anonymous_9)
FNDA:0,(anonymous_10)
FNDA:0,(anonymous_11)
FNDA:0,(anonymous_12)
FNDA:0,(anonymous_13)
DA:1,1
DA:34,1
DA:44,1
DA:48,0
DA:49,0
DA:50,0
DA:51,0
DA:52,0
DA:53,0
DA:55,0
DA:56,0
DA:57,0
DA:58,0
DA:62,0
DA:63,0
DA:64,0
DA:67,0
DA:68,0
DA:69,0
DA:70,0
DA:77,0
DA:82,0
DA:83,0
DA:84,0
DA:85,0
DA:92,0
DA:96,0
LF:27
LH:3
BRDA:69,0,0,0
BRDA:74,1,0,0
BRDA:74,1,1,0
BRDA:75,2,0,0
BRDA:75,2,1,0
BRDA:84,3,0,0
BRDA:89,4,0,0
BRDA:89,4,1,0
BRDA:90,5,0,0
BRDA:90,5,1,0
BRF:10
BRH:0
end_of_record
TN:
SF:src/utils/nameFormatter.ts
FN:6,(anonymous_0)
FN:17,(anonymous_1)
FN:22,(anonymous_2)
FN:29,(anonymous_3)
FN:47,(anonymous_4)
FNF:5
FNH:5
FNDA:3,(anonymous_0)
FNDA:5,(anonymous_1)
FNDA:7,(anonymous_2)
FNDA:5,(anonymous_3)
FNDA:3,(anonymous_4)
DA:6,2
DA:7,3
DA:8,1
DA:11,2
DA:17,2
DA:18,5
DA:19,3
DA:22,7
DA:29,2
DA:30,5
DA:31,5
DA:32,3
DA:37,2
DA:47,2
DA:49,3
DA:50,1
DA:57,2
DA:58,1
DA:59,1
DA:67,1
LF:20
LH:20
BRDA:7,0,0,1
BRDA:7,1,0,3
BRDA:7,1,1,1
BRDA:8,2,0,1
BRDA:8,2,1,0
BRDA:18,3,0,2
BRDA:31,4,0,3
BRDA:49,5,0,1
BRDA:49,6,0,3
BRDA:49,6,1,1
BRDA:49,6,2,0
BRDA:57,7,0,1
BRDA:57,8,0,2
BRDA:57,8,1,2
BRDA:57,8,2,1
BRDA:69,9,0,1
BRDA:69,9,1,0
BRF:17
BRH:14
end_of_record
