TN:
SF:src/calcEngine/ghostScoreGenerator.ts
FN:4,seededRandom
FN:6,(anonymous_1)
FN:13,randomNormal
FN:22,generateGhostScores
FN:38,(anonymous_4)
FN:39,(anonymous_5)
FNF:6
FNH:6
FNDA:1007,seededRandom
FNDA:36252,(anonymous_1)
FNDA:18126,randomNormal
FNDA:1007,generateGhostScores
FNDA:18126,(anonymous_4)
FNDA:18126,(anonymous_5)
DA:5,1007
DA:6,1007
DA:7,36252
DA:8,36252
DA:14,18126
DA:15,18126
DA:16,18126
DA:17,18126
DA:18,18126
DA:22,1
DA:30,1007
DA:31,1007
DA:32,1007
DA:33,1007
DA:35,1007
DA:36,1007
DA:38,18126
DA:39,18126
DA:40,1007
DA:41,18126
DA:42,18126
DA:43,18126
DA:44,18126
DA:46,18126
DA:48,18126
DA:49,18126
DA:52,18126
DA:54,18126
DA:55,18126
DA:56,12084
DA:58,18126
DA:59,18126
DA:60,18126
DA:61,18126
DA:63,1007
LF:35
LH:35
BRDA:25,0,0,0
BRDA:35,1,0,4
BRDA:35,1,1,1003
BRDA:35,2,0,1003
BRDA:35,2,1,0
BRDA:48,3,0,10095
BRDA:49,4,0,9
BRDA:49,5,0,18126
BRDA:49,5,1,36
BRDA:55,6,0,6042
BRDA:55,6,1,12084
BRDA:56,7,0,6042
BRF:12
BRH:10
end_of_record
